Symlinking /home/michel/Desktop/suturo/motion/simulation/hsr_ws/devel/lib/python2.7/dist-packages/iai_naive_kinematics_sim/__init__.py
Symlinking /home/michel/Desktop/suturo/motion/simulation/hsr_ws/devel/lib/python2.7/dist-packages/iai_naive_kinematics_sim/srv/__init__.py
Symlinking /home/michel/Desktop/suturo/motion/simulation/hsr_ws/devel/lib/python2.7/dist-packages/iai_naive_kinematics_sim/srv/_SetJointState.py
Symlinking /home/michel/Desktop/suturo/motion/simulation/hsr_ws/devel/lib/python2.7/dist-packages/iai_naive_kinematics_sim/msg/__init__.py
Symlinking /home/michel/Desktop/suturo/motion/simulation/hsr_ws/devel/lib/python2.7/dist-packages/iai_naive_kinematics_sim/msg/_ProjectionClock.py
Symlinking /home/michel/Desktop/suturo/motion/simulation/hsr_ws/devel/lib/pkgconfig/iai_naive_kinematics_sim.pc
Symlinking /home/michel/Desktop/suturo/motion/simulation/hsr_ws/devel/lib/iai_naive_kinematics_sim/simulator
Symlinking /home/michel/Desktop/suturo/motion/simulation/hsr_ws/devel/include/iai_naive_kinematics_sim/ProjectionClock.h
Symlinking /home/michel/Desktop/suturo/motion/simulation/hsr_ws/devel/include/iai_naive_kinematics_sim/SetJointState.h
Symlinking /home/michel/Desktop/suturo/motion/simulation/hsr_ws/devel/include/iai_naive_kinematics_sim/SetJointStateResponse.h
Symlinking /home/michel/Desktop/suturo/motion/simulation/hsr_ws/devel/include/iai_naive_kinematics_sim/SetJointStateRequest.h
Symlinking /home/michel/Desktop/suturo/motion/simulation/hsr_ws/devel/share/gennodejs/ros/iai_naive_kinematics_sim/_index.js
Symlinking /home/michel/Desktop/suturo/motion/simulation/hsr_ws/devel/share/gennodejs/ros/iai_naive_kinematics_sim/srv/SetJointState.js
Symlinking /home/michel/Desktop/suturo/motion/simulation/hsr_ws/devel/share/gennodejs/ros/iai_naive_kinematics_sim/srv/_index.js
Symlinking /home/michel/Desktop/suturo/motion/simulation/hsr_ws/devel/share/gennodejs/ros/iai_naive_kinematics_sim/msg/ProjectionClock.js
Symlinking /home/michel/Desktop/suturo/motion/simulation/hsr_ws/devel/share/gennodejs/ros/iai_naive_kinematics_sim/msg/_index.js
Symlinking /home/michel/Desktop/suturo/motion/simulation/hsr_ws/devel/share/common-lisp/ros/iai_naive_kinematics_sim/srv/SetJointState.lisp
Symlinking /home/michel/Desktop/suturo/motion/simulation/hsr_ws/devel/share/common-lisp/ros/iai_naive_kinematics_sim/srv/_package_SetJointState.lisp
Symlinking /home/michel/Desktop/suturo/motion/simulation/hsr_ws/devel/share/common-lisp/ros/iai_naive_kinematics_sim/srv/_package.lisp
Symlinking /home/michel/Desktop/suturo/motion/simulation/hsr_ws/devel/share/common-lisp/ros/iai_naive_kinematics_sim/srv/iai_naive_kinematics_sim-srv.asd
Symlinking /home/michel/Desktop/suturo/motion/simulation/hsr_ws/devel/share/common-lisp/ros/iai_naive_kinematics_sim/msg/_package.lisp
Symlinking /home/michel/Desktop/suturo/motion/simulation/hsr_ws/devel/share/common-lisp/ros/iai_naive_kinematics_sim/msg/ProjectionClock.lisp
Symlinking /home/michel/Desktop/suturo/motion/simulation/hsr_ws/devel/share/common-lisp/ros/iai_naive_kinematics_sim/msg/iai_naive_kinematics_sim-msg.asd
Symlinking /home/michel/Desktop/suturo/motion/simulation/hsr_ws/devel/share/common-lisp/ros/iai_naive_kinematics_sim/msg/_package_ProjectionClock.lisp
Symlinking /home/michel/Desktop/suturo/motion/simulation/hsr_ws/devel/share/roseus/ros/iai_naive_kinematics_sim/manifest.l
Symlinking /home/michel/Desktop/suturo/motion/simulation/hsr_ws/devel/share/roseus/ros/iai_naive_kinematics_sim/srv/SetJointState.l
Symlinking /home/michel/Desktop/suturo/motion/simulation/hsr_ws/devel/share/roseus/ros/iai_naive_kinematics_sim/msg/ProjectionClock.l
Symlinking /home/michel/Desktop/suturo/motion/simulation/hsr_ws/devel/share/iai_naive_kinematics_sim/cmake/iai_naive_kinematics_sim-msg-extras.cmake
Symlinking /home/michel/Desktop/suturo/motion/simulation/hsr_ws/devel/share/iai_naive_kinematics_sim/cmake/iai_naive_kinematics_simConfig.cmake
Symlinking /home/michel/Desktop/suturo/motion/simulation/hsr_ws/devel/share/iai_naive_kinematics_sim/cmake/iai_naive_kinematics_sim-msg-paths.cmake
Symlinking /home/michel/Desktop/suturo/motion/simulation/hsr_ws/devel/share/iai_naive_kinematics_sim/cmake/iai_naive_kinematics_simConfig-version.cmake
