Linked: (/home/michel/Desktop/suturo/motion/simulation/hsr_ws/devel/.private/iai_naive_kinematics_sim/lib/python2.7/dist-packages/iai_naive_kinematics_sim/__init__.py, /home/michel/Desktop/suturo/motion/simulation/hsr_ws/devel/lib/python2.7/dist-packages/iai_naive_kinematics_sim/__init__.py)
Linked: (/home/michel/Desktop/suturo/motion/simulation/hsr_ws/devel/.private/iai_naive_kinematics_sim/lib/python2.7/dist-packages/iai_naive_kinematics_sim/srv/__init__.py, /home/michel/Desktop/suturo/motion/simulation/hsr_ws/devel/lib/python2.7/dist-packages/iai_naive_kinematics_sim/srv/__init__.py)
Linked: (/home/michel/Desktop/suturo/motion/simulation/hsr_ws/devel/.private/iai_naive_kinematics_sim/lib/python2.7/dist-packages/iai_naive_kinematics_sim/srv/_SetJointState.py, /home/michel/Desktop/suturo/motion/simulation/hsr_ws/devel/lib/python2.7/dist-packages/iai_naive_kinematics_sim/srv/_SetJointState.py)
Linked: (/home/michel/Desktop/suturo/motion/simulation/hsr_ws/devel/.private/iai_naive_kinematics_sim/lib/python2.7/dist-packages/iai_naive_kinematics_sim/msg/__init__.py, /home/michel/Desktop/suturo/motion/simulation/hsr_ws/devel/lib/python2.7/dist-packages/iai_naive_kinematics_sim/msg/__init__.py)
Linked: (/home/michel/Desktop/suturo/motion/simulation/hsr_ws/devel/.private/iai_naive_kinematics_sim/lib/python2.7/dist-packages/iai_naive_kinematics_sim/msg/_ProjectionClock.py, /home/michel/Desktop/suturo/motion/simulation/hsr_ws/devel/lib/python2.7/dist-packages/iai_naive_kinematics_sim/msg/_ProjectionClock.py)
Linked: (/home/michel/Desktop/suturo/motion/simulation/hsr_ws/devel/.private/iai_naive_kinematics_sim/lib/pkgconfig/iai_naive_kinematics_sim.pc, /home/michel/Desktop/suturo/motion/simulation/hsr_ws/devel/lib/pkgconfig/iai_naive_kinematics_sim.pc)
Linked: (/home/michel/Desktop/suturo/motion/simulation/hsr_ws/devel/.private/iai_naive_kinematics_sim/lib/iai_naive_kinematics_sim/simulator, /home/michel/Desktop/suturo/motion/simulation/hsr_ws/devel/lib/iai_naive_kinematics_sim/simulator)
Linked: (/home/michel/Desktop/suturo/motion/simulation/hsr_ws/devel/.private/iai_naive_kinematics_sim/include/iai_naive_kinematics_sim/ProjectionClock.h, /home/michel/Desktop/suturo/motion/simulation/hsr_ws/devel/include/iai_naive_kinematics_sim/ProjectionClock.h)
Linked: (/home/michel/Desktop/suturo/motion/simulation/hsr_ws/devel/.private/iai_naive_kinematics_sim/include/iai_naive_kinematics_sim/SetJointState.h, /home/michel/Desktop/suturo/motion/simulation/hsr_ws/devel/include/iai_naive_kinematics_sim/SetJointState.h)
Linked: (/home/michel/Desktop/suturo/motion/simulation/hsr_ws/devel/.private/iai_naive_kinematics_sim/include/iai_naive_kinematics_sim/SetJointStateResponse.h, /home/michel/Desktop/suturo/motion/simulation/hsr_ws/devel/include/iai_naive_kinematics_sim/SetJointStateResponse.h)
Linked: (/home/michel/Desktop/suturo/motion/simulation/hsr_ws/devel/.private/iai_naive_kinematics_sim/include/iai_naive_kinematics_sim/SetJointStateRequest.h, /home/michel/Desktop/suturo/motion/simulation/hsr_ws/devel/include/iai_naive_kinematics_sim/SetJointStateRequest.h)
Linked: (/home/michel/Desktop/suturo/motion/simulation/hsr_ws/devel/.private/iai_naive_kinematics_sim/share/gennodejs/ros/iai_naive_kinematics_sim/_index.js, /home/michel/Desktop/suturo/motion/simulation/hsr_ws/devel/share/gennodejs/ros/iai_naive_kinematics_sim/_index.js)
Linked: (/home/michel/Desktop/suturo/motion/simulation/hsr_ws/devel/.private/iai_naive_kinematics_sim/share/gennodejs/ros/iai_naive_kinematics_sim/srv/SetJointState.js, /home/michel/Desktop/suturo/motion/simulation/hsr_ws/devel/share/gennodejs/ros/iai_naive_kinematics_sim/srv/SetJointState.js)
Linked: (/home/michel/Desktop/suturo/motion/simulation/hsr_ws/devel/.private/iai_naive_kinematics_sim/share/gennodejs/ros/iai_naive_kinematics_sim/srv/_index.js, /home/michel/Desktop/suturo/motion/simulation/hsr_ws/devel/share/gennodejs/ros/iai_naive_kinematics_sim/srv/_index.js)
Linked: (/home/michel/Desktop/suturo/motion/simulation/hsr_ws/devel/.private/iai_naive_kinematics_sim/share/gennodejs/ros/iai_naive_kinematics_sim/msg/ProjectionClock.js, /home/michel/Desktop/suturo/motion/simulation/hsr_ws/devel/share/gennodejs/ros/iai_naive_kinematics_sim/msg/ProjectionClock.js)
Linked: (/home/michel/Desktop/suturo/motion/simulation/hsr_ws/devel/.private/iai_naive_kinematics_sim/share/gennodejs/ros/iai_naive_kinematics_sim/msg/_index.js, /home/michel/Desktop/suturo/motion/simulation/hsr_ws/devel/share/gennodejs/ros/iai_naive_kinematics_sim/msg/_index.js)
Linked: (/home/michel/Desktop/suturo/motion/simulation/hsr_ws/devel/.private/iai_naive_kinematics_sim/share/common-lisp/ros/iai_naive_kinematics_sim/srv/SetJointState.lisp, /home/michel/Desktop/suturo/motion/simulation/hsr_ws/devel/share/common-lisp/ros/iai_naive_kinematics_sim/srv/SetJointState.lisp)
Linked: (/home/michel/Desktop/suturo/motion/simulation/hsr_ws/devel/.private/iai_naive_kinematics_sim/share/common-lisp/ros/iai_naive_kinematics_sim/srv/_package_SetJointState.lisp, /home/michel/Desktop/suturo/motion/simulation/hsr_ws/devel/share/common-lisp/ros/iai_naive_kinematics_sim/srv/_package_SetJointState.lisp)
Linked: (/home/michel/Desktop/suturo/motion/simulation/hsr_ws/devel/.private/iai_naive_kinematics_sim/share/common-lisp/ros/iai_naive_kinematics_sim/srv/_package.lisp, /home/michel/Desktop/suturo/motion/simulation/hsr_ws/devel/share/common-lisp/ros/iai_naive_kinematics_sim/srv/_package.lisp)
Linked: (/home/michel/Desktop/suturo/motion/simulation/hsr_ws/devel/.private/iai_naive_kinematics_sim/share/common-lisp/ros/iai_naive_kinematics_sim/srv/iai_naive_kinematics_sim-srv.asd, /home/michel/Desktop/suturo/motion/simulation/hsr_ws/devel/share/common-lisp/ros/iai_naive_kinematics_sim/srv/iai_naive_kinematics_sim-srv.asd)
Linked: (/home/michel/Desktop/suturo/motion/simulation/hsr_ws/devel/.private/iai_naive_kinematics_sim/share/common-lisp/ros/iai_naive_kinematics_sim/msg/_package.lisp, /home/michel/Desktop/suturo/motion/simulation/hsr_ws/devel/share/common-lisp/ros/iai_naive_kinematics_sim/msg/_package.lisp)
Linked: (/home/michel/Desktop/suturo/motion/simulation/hsr_ws/devel/.private/iai_naive_kinematics_sim/share/common-lisp/ros/iai_naive_kinematics_sim/msg/ProjectionClock.lisp, /home/michel/Desktop/suturo/motion/simulation/hsr_ws/devel/share/common-lisp/ros/iai_naive_kinematics_sim/msg/ProjectionClock.lisp)
Linked: (/home/michel/Desktop/suturo/motion/simulation/hsr_ws/devel/.private/iai_naive_kinematics_sim/share/common-lisp/ros/iai_naive_kinematics_sim/msg/iai_naive_kinematics_sim-msg.asd, /home/michel/Desktop/suturo/motion/simulation/hsr_ws/devel/share/common-lisp/ros/iai_naive_kinematics_sim/msg/iai_naive_kinematics_sim-msg.asd)
Linked: (/home/michel/Desktop/suturo/motion/simulation/hsr_ws/devel/.private/iai_naive_kinematics_sim/share/common-lisp/ros/iai_naive_kinematics_sim/msg/_package_ProjectionClock.lisp, /home/michel/Desktop/suturo/motion/simulation/hsr_ws/devel/share/common-lisp/ros/iai_naive_kinematics_sim/msg/_package_ProjectionClock.lisp)
Linked: (/home/michel/Desktop/suturo/motion/simulation/hsr_ws/devel/.private/iai_naive_kinematics_sim/share/roseus/ros/iai_naive_kinematics_sim/manifest.l, /home/michel/Desktop/suturo/motion/simulation/hsr_ws/devel/share/roseus/ros/iai_naive_kinematics_sim/manifest.l)
Linked: (/home/michel/Desktop/suturo/motion/simulation/hsr_ws/devel/.private/iai_naive_kinematics_sim/share/roseus/ros/iai_naive_kinematics_sim/srv/SetJointState.l, /home/michel/Desktop/suturo/motion/simulation/hsr_ws/devel/share/roseus/ros/iai_naive_kinematics_sim/srv/SetJointState.l)
Linked: (/home/michel/Desktop/suturo/motion/simulation/hsr_ws/devel/.private/iai_naive_kinematics_sim/share/roseus/ros/iai_naive_kinematics_sim/msg/ProjectionClock.l, /home/michel/Desktop/suturo/motion/simulation/hsr_ws/devel/share/roseus/ros/iai_naive_kinematics_sim/msg/ProjectionClock.l)
Linked: (/home/michel/Desktop/suturo/motion/simulation/hsr_ws/devel/.private/iai_naive_kinematics_sim/share/iai_naive_kinematics_sim/cmake/iai_naive_kinematics_sim-msg-extras.cmake, /home/michel/Desktop/suturo/motion/simulation/hsr_ws/devel/share/iai_naive_kinematics_sim/cmake/iai_naive_kinematics_sim-msg-extras.cmake)
Linked: (/home/michel/Desktop/suturo/motion/simulation/hsr_ws/devel/.private/iai_naive_kinematics_sim/share/iai_naive_kinematics_sim/cmake/iai_naive_kinematics_simConfig.cmake, /home/michel/Desktop/suturo/motion/simulation/hsr_ws/devel/share/iai_naive_kinematics_sim/cmake/iai_naive_kinematics_simConfig.cmake)
Linked: (/home/michel/Desktop/suturo/motion/simulation/hsr_ws/devel/.private/iai_naive_kinematics_sim/share/iai_naive_kinematics_sim/cmake/iai_naive_kinematics_sim-msg-paths.cmake, /home/michel/Desktop/suturo/motion/simulation/hsr_ws/devel/share/iai_naive_kinematics_sim/cmake/iai_naive_kinematics_sim-msg-paths.cmake)
Linked: (/home/michel/Desktop/suturo/motion/simulation/hsr_ws/devel/.private/iai_naive_kinematics_sim/share/iai_naive_kinematics_sim/cmake/iai_naive_kinematics_simConfig-version.cmake, /home/michel/Desktop/suturo/motion/simulation/hsr_ws/devel/share/iai_naive_kinematics_sim/cmake/iai_naive_kinematics_simConfig-version.cmake)
