[35m[1mScanning dependencies of target sensor_msgs_generate_messages_py[0m
[  0%] Built target sensor_msgs_generate_messages_py
[35m[1mScanning dependencies of target _iai_naive_kinematics_sim_generate_messages_check_deps_ProjectionClock[0m
[  0%] Built target _iai_naive_kinematics_sim_generate_messages_check_deps_ProjectionClock
[35m[1mScanning dependencies of target _iai_naive_kinematics_sim_generate_messages_check_deps_SetJointState[0m
[  0%] Built target _iai_naive_kinematics_sim_generate_messages_check_deps_SetJointState
[35m[1mScanning dependencies of target sensor_msgs_generate_messages_cpp[0m
[  0%] Built target sensor_msgs_generate_messages_cpp
[35m[1mScanning dependencies of target sensor_msgs_generate_messages_eus[0m
[  0%] Built target sensor_msgs_generate_messages_eus
[35m[1mScanning dependencies of target sensor_msgs_generate_messages_lisp[0m
[  0%] Built target sensor_msgs_generate_messages_lisp
[35m[1mScanning dependencies of target sensor_msgs_generate_messages_nodejs[0m
[  0%] Built target sensor_msgs_generate_messages_nodejs
[35m[1mScanning dependencies of target std_msgs_generate_messages_eus[0m
[  0%] Built target std_msgs_generate_messages_eus
[35m[1mScanning dependencies of target roscpp_generate_messages_lisp[0m
[  0%] Built target roscpp_generate_messages_lisp
[35m[1mScanning dependencies of target std_msgs_generate_messages_py[0m
[  0%] Built target std_msgs_generate_messages_py
[35m[1mScanning dependencies of target rosgraph_msgs_generate_messages_py[0m
[  0%] Built target rosgraph_msgs_generate_messages_py
[35m[1mScanning dependencies of target rosgraph_msgs_generate_messages_lisp[0m
[  0%] Built target rosgraph_msgs_generate_messages_lisp
[35m[1mScanning dependencies of target roscpp_generate_messages_nodejs[0m
[  0%] Built target roscpp_generate_messages_nodejs
[35m[1mScanning dependencies of target rosgraph_msgs_generate_messages_nodejs[0m
[  0%] Built target rosgraph_msgs_generate_messages_nodejs
[35m[1mScanning dependencies of target rosgraph_msgs_generate_messages_cpp[0m
[  0%] Built target rosgraph_msgs_generate_messages_cpp
[35m[1mScanning dependencies of target std_msgs_generate_messages_cpp[0m
[  0%] Built target std_msgs_generate_messages_cpp
[35m[1mScanning dependencies of target std_msgs_generate_messages_lisp[0m
[  0%] Built target std_msgs_generate_messages_lisp
[35m[1mScanning dependencies of target roscpp_generate_messages_eus[0m
[  0%] Built target roscpp_generate_messages_eus
[35m[1mScanning dependencies of target roscpp_generate_messages_cpp[0m
[  0%] Built target roscpp_generate_messages_cpp
[35m[1mScanning dependencies of target geometry_msgs_generate_messages_eus[0m
[  0%] Built target geometry_msgs_generate_messages_eus
[35m[1mScanning dependencies of target geometry_msgs_generate_messages_nodejs[0m
[  0%] Built target geometry_msgs_generate_messages_nodejs
[35m[1mScanning dependencies of target rosgraph_msgs_generate_messages_eus[0m
[  0%] Built target rosgraph_msgs_generate_messages_eus
[35m[1mScanning dependencies of target roscpp_generate_messages_py[0m
[  0%] Built target roscpp_generate_messages_py
[35m[1mScanning dependencies of target geometry_msgs_generate_messages_lisp[0m
[  0%] Built target geometry_msgs_generate_messages_lisp
[35m[1mScanning dependencies of target geometry_msgs_generate_messages_cpp[0m
[  0%] Built target geometry_msgs_generate_messages_cpp
[35m[1mScanning dependencies of target std_msgs_generate_messages_nodejs[0m
[  0%] Built target std_msgs_generate_messages_nodejs
[35m[1mScanning dependencies of target geometry_msgs_generate_messages_py[0m
[  0%] Built target geometry_msgs_generate_messages_py
[35m[1mScanning dependencies of target iai_naive_kinematics_sim_generate_messages_py[0m
[  6%] [34m[1mGenerating Python from MSG iai_naive_kinematics_sim/ProjectionClock[0m
[ 13%] [34m[1mGenerating Python code from SRV iai_naive_kinematics_sim/SetJointState[0m
[ 20%] [34m[1mGenerating Python msg __init__.py for iai_naive_kinematics_sim[0m
[ 26%] [34m[1mGenerating Python srv __init__.py for iai_naive_kinematics_sim[0m
[ 26%] Built target iai_naive_kinematics_sim_generate_messages_py
[35m[1mScanning dependencies of target iai_naive_kinematics_sim_generate_messages_cpp[0m
[ 33%] [34m[1mGenerating C++ code from iai_naive_kinematics_sim/ProjectionClock.msg[0m
[ 40%] [34m[1mGenerating C++ code from iai_naive_kinematics_sim/SetJointState.srv[0m
[ 40%] Built target iai_naive_kinematics_sim_generate_messages_cpp
[35m[1mScanning dependencies of target iai_naive_kinematics_sim_generate_messages_eus[0m
[ 46%] [34m[1mGenerating EusLisp code from iai_naive_kinematics_sim/ProjectionClock.msg[0m
[ 53%] [34m[1mGenerating EusLisp code from iai_naive_kinematics_sim/SetJointState.srv[0m
[ 60%] [34m[1mGenerating EusLisp manifest code for iai_naive_kinematics_sim[0m
[35m[1mScanning dependencies of target iai_naive_kinematics_sim_generate_messages_lisp[0m
[ 66%] [34m[1mGenerating Lisp code from iai_naive_kinematics_sim/ProjectionClock.msg[0m
[ 73%] [34m[1mGenerating Lisp code from iai_naive_kinematics_sim/SetJointState.srv[0m
[ 73%] Built target iai_naive_kinematics_sim_generate_messages_lisp
[35m[1mScanning dependencies of target iai_naive_kinematics_sim_generate_messages_nodejs[0m
[ 80%] [34m[1mGenerating Javascript code from iai_naive_kinematics_sim/ProjectionClock.msg[0m
[ 86%] [34m[1mGenerating Javascript code from iai_naive_kinematics_sim/SetJointState.srv[0m
[ 86%] Built target iai_naive_kinematics_sim_generate_messages_nodejs
[ 86%] Built target iai_naive_kinematics_sim_generate_messages_eus
[35m[1mScanning dependencies of target iai_naive_kinematics_sim_generate_messages[0m
[ 86%] Built target iai_naive_kinematics_sim_generate_messages
[35m[1mScanning dependencies of target simulator[0m
[ 93%] [32mBuilding CXX object CMakeFiles/simulator.dir/src/iai_naive_kinematics_sim/simulator_main.cpp.o[0m
[100%] [32m[1mLinking CXX executable /home/michel/Desktop/suturo/motion/simulation/hsr_ws/devel/.private/iai_naive_kinematics_sim/lib/iai_naive_kinematics_sim/simulator[0m
[100%] Built target simulator
