[  0%] Built target sensor_msgs_generate_messages_py
[  0%] Built target _iai_naive_kinematics_sim_generate_messages_check_deps_SetJointState
[  0%] Built target _iai_naive_kinematics_sim_generate_messages_check_deps_ProjectionClock
[  0%] Built target sensor_msgs_generate_messages_cpp
[  0%] Built target sensor_msgs_generate_messages_eus
[  0%] Built target sensor_msgs_generate_messages_lisp
[  0%] Built target sensor_msgs_generate_messages_nodejs
[  0%] Built target std_msgs_generate_messages_eus
[  0%] Built target roscpp_generate_messages_lisp
[  0%] Built target std_msgs_generate_messages_py
[  0%] Built target rosgraph_msgs_generate_messages_py
[  0%] Built target rosgraph_msgs_generate_messages_lisp
[  0%] Built target roscpp_generate_messages_nodejs
[  0%] Built target rosgraph_msgs_generate_messages_nodejs
[  0%] Built target rosgraph_msgs_generate_messages_cpp
[  0%] Built target std_msgs_generate_messages_cpp
[  0%] Built target std_msgs_generate_messages_lisp
[  0%] Built target roscpp_generate_messages_eus
[  0%] Built target geometry_msgs_generate_messages_eus
[  0%] Built target roscpp_generate_messages_cpp
[  0%] Built target geometry_msgs_generate_messages_nodejs
[  0%] Built target rosgraph_msgs_generate_messages_eus
[  0%] Built target roscpp_generate_messages_py
[  0%] Built target geometry_msgs_generate_messages_lisp
[  0%] Built target geometry_msgs_generate_messages_cpp
[  0%] Built target std_msgs_generate_messages_nodejs
[  0%] Built target geometry_msgs_generate_messages_py
[ 33%] Built target iai_naive_kinematics_sim_generate_messages_cpp
[ 40%] Built target iai_naive_kinematics_sim_generate_messages_py
[ 60%] Built target iai_naive_kinematics_sim_generate_messages_eus
[ 73%] Built target iai_naive_kinematics_sim_generate_messages_nodejs
[ 86%] Built target iai_naive_kinematics_sim_generate_messages_lisp
[ 86%] Built target iai_naive_kinematics_sim_generate_messages
[100%] Built target simulator
