Determining if the pthread_create exist failed with the following output:
Change Dir: /home/michel/Desktop/suturo/motion/simulation/hsr_ws/build/move/CMakeFiles/CMakeTmp

Run Build Command:"/usr/bin/make" "cmTC_02154/fast"
/usr/bin/make -f CMakeFiles/cmTC_02154.dir/build.make CMakeFiles/cmTC_02154.dir/build
make[1]: Entering directory '/home/michel/Desktop/suturo/motion/simulation/hsr_ws/build/move/CMakeFiles/CMakeTmp'
Building C object CMakeFiles/cmTC_02154.dir/CheckSymbolExists.c.o
/usr/bin/cc     -o CMakeFiles/cmTC_02154.dir/CheckSymbolExists.c.o   -c /home/michel/Desktop/suturo/motion/simulation/hsr_ws/build/move/CMakeFiles/CMakeTmp/CheckSymbolExists.c
Linking C executable cmTC_02154
/usr/bin/cmake -E cmake_link_script CMakeFiles/cmTC_02154.dir/link.txt --verbose=1
/usr/bin/cc       CMakeFiles/cmTC_02154.dir/CheckSymbolExists.c.o  -o cmTC_02154 -rdynamic 
CMakeFiles/cmTC_02154.dir/CheckSymbolExists.c.o: In function `main':
CheckSymbolExists.c:(.text+0x16): undefined reference to `pthread_create'
collect2: error: ld returned 1 exit status
CMakeFiles/cmTC_02154.dir/build.make:97: recipe for target 'cmTC_02154' failed
make[1]: *** [cmTC_02154] Error 1
make[1]: Leaving directory '/home/michel/Desktop/suturo/motion/simulation/hsr_ws/build/move/CMakeFiles/CMakeTmp'
Makefile:126: recipe for target 'cmTC_02154/fast' failed
make: *** [cmTC_02154/fast] Error 2

File /home/michel/Desktop/suturo/motion/simulation/hsr_ws/build/move/CMakeFiles/CMakeTmp/CheckSymbolExists.c:
/* */
#include <pthread.h>

int main(int argc, char** argv)
{
  (void)argv;
#ifndef pthread_create
  return ((int*)(&pthread_create))[argc];
#else
  (void)argc;
  return 0;
#endif
}

Determining if the function pthread_create exists in the pthreads failed with the following output:
Change Dir: /home/michel/Desktop/suturo/motion/simulation/hsr_ws/build/move/CMakeFiles/CMakeTmp

Run Build Command:"/usr/bin/make" "cmTC_58ff3/fast"
/usr/bin/make -f CMakeFiles/cmTC_58ff3.dir/build.make CMakeFiles/cmTC_58ff3.dir/build
make[1]: Entering directory '/home/michel/Desktop/suturo/motion/simulation/hsr_ws/build/move/CMakeFiles/CMakeTmp'
Building C object CMakeFiles/cmTC_58ff3.dir/CheckFunctionExists.c.o
/usr/bin/cc    -DCHECK_FUNCTION_EXISTS=pthread_create   -o CMakeFiles/cmTC_58ff3.dir/CheckFunctionExists.c.o   -c /usr/share/cmake-3.5/Modules/CheckFunctionExists.c
Linking C executable cmTC_58ff3
/usr/bin/cmake -E cmake_link_script CMakeFiles/cmTC_58ff3.dir/link.txt --verbose=1
/usr/bin/cc   -DCHECK_FUNCTION_EXISTS=pthread_create    CMakeFiles/cmTC_58ff3.dir/CheckFunctionExists.c.o  -o cmTC_58ff3 -rdynamic -lpthreads 
/usr/bin/ld: cannot find -lpthreads
collect2: error: ld returned 1 exit status
CMakeFiles/cmTC_58ff3.dir/build.make:97: recipe for target 'cmTC_58ff3' failed
make[1]: *** [cmTC_58ff3] Error 1
make[1]: Leaving directory '/home/michel/Desktop/suturo/motion/simulation/hsr_ws/build/move/CMakeFiles/CMakeTmp'
Makefile:126: recipe for target 'cmTC_58ff3/fast' failed
make: *** [cmTC_58ff3/fast] Error 2


