[35m[1mScanning dependencies of target _move_generate_messages_check_deps_DoMoveAction[0m
[35m[1mScanning dependencies of target _move_generate_messages_check_deps_DoMoveActionFeedback[0m
[35m[1mScanning dependencies of target move_xacro_generated_to_devel_space_[0m
[35m[1mScanning dependencies of target _move_generate_messages_check_deps_DoMoveResult[0m
[  0%] Built target move_xacro_generated_to_devel_space_
[35m[1mScanning dependencies of target actionlib_msgs_generate_messages_lisp[0m
[  0%] Built target actionlib_msgs_generate_messages_lisp
[35m[1mScanning dependencies of target _move_generate_messages_check_deps_DoMoveActionResult[0m
[  0%] Built target _move_generate_messages_check_deps_DoMoveAction
[  0%] Built target _move_generate_messages_check_deps_DoMoveResult
[  0%] Built target _move_generate_messages_check_deps_DoMoveActionFeedback
[35m[1mScanning dependencies of target _move_generate_messages_check_deps_DoMoveActionGoal[0m
[35m[1mScanning dependencies of target _move_generate_messages_check_deps_DoMoveGoal[0m
[35m[1mScanning dependencies of target _move_generate_messages_check_deps_DoMoveFeedback[0m
[  0%] Built target _move_generate_messages_check_deps_DoMoveActionResult
[35m[1mScanning dependencies of target actionlib_msgs_generate_messages_py[0m
[  0%] Built target _move_generate_messages_check_deps_DoMoveActionGoal
[  0%] Built target _move_generate_messages_check_deps_DoMoveFeedback
[  0%] Built target _move_generate_messages_check_deps_DoMoveGoal
[  0%] Built target actionlib_msgs_generate_messages_py
[35m[1mScanning dependencies of target actionlib_msgs_generate_messages_nodejs[0m
[35m[1mScanning dependencies of target actionlib_msgs_generate_messages_cpp[0m
[35m[1mScanning dependencies of target actionlib_msgs_generate_messages_eus[0m
[35m[1mScanning dependencies of target move_generate_messages_lisp[0m
[  0%] Built target actionlib_msgs_generate_messages_nodejs
[  0%] Built target actionlib_msgs_generate_messages_eus
[  0%] Built target actionlib_msgs_generate_messages_cpp
[35m[1mScanning dependencies of target move_generate_messages_py[0m
[35m[1mScanning dependencies of target move_generate_messages_nodejs[0m
[35m[1mScanning dependencies of target move_generate_messages_eus[0m
[  5%] [34m[1mGenerating Javascript code from move/DoMoveFeedback.msg[0m
[  5%] [34m[1mGenerating Python from MSG move/DoMoveFeedback[0m
[  8%] [34m[1mGenerating Lisp code from move/DoMoveFeedback.msg[0m
[ 10%] [34m[1mGenerating EusLisp code from move/DoMoveFeedback.msg[0m
[ 13%] [34m[1mGenerating Lisp code from move/DoMoveActionResult.msg[0m
[ 16%] [34m[1mGenerating Javascript code from move/DoMoveActionResult.msg[0m
[ 18%] [34m[1mGenerating EusLisp code from move/DoMoveActionResult.msg[0m
[ 21%] [34m[1mGenerating Lisp code from move/DoMoveResult.msg[0m
[ 24%] [34m[1mGenerating Javascript code from move/DoMoveResult.msg[0m
[ 27%] [34m[1mGenerating EusLisp code from move/DoMoveResult.msg[0m
[ 29%] [34m[1mGenerating Lisp code from move/DoMoveActionFeedback.msg[0m
[ 32%] [34m[1mGenerating Javascript code from move/DoMoveActionFeedback.msg[0m
[ 35%] [34m[1mGenerating Python from MSG move/DoMoveActionResult[0m
[ 37%] [34m[1mGenerating Lisp code from move/DoMoveGoal.msg[0m
[ 40%] [34m[1mGenerating Javascript code from move/DoMoveGoal.msg[0m
[ 43%] [34m[1mGenerating EusLisp code from move/DoMoveActionFeedback.msg[0m
[ 45%] [34m[1mGenerating Lisp code from move/DoMoveAction.msg[0m
[ 48%] [34m[1mGenerating Javascript code from move/DoMoveAction.msg[0m
[ 54%] [34m[1mGenerating EusLisp code from move/DoMoveGoal.msg[0m
[ 54%] [34m[1mGenerating Python from MSG move/DoMoveResult[0m
[ 56%] [34m[1mGenerating Javascript code from move/DoMoveActionGoal.msg[0m
[ 59%] [34m[1mGenerating Lisp code from move/DoMoveActionGoal.msg[0m
[ 59%] Built target move_generate_messages_lisp
[ 59%] Built target move_generate_messages_nodejs
[ 62%] [34m[1mGenerating EusLisp code from move/DoMoveAction.msg[0m
[ 64%] [34m[1mGenerating EusLisp code from move/DoMoveActionGoal.msg[0m
[ 67%] [34m[1mGenerating Python from MSG move/DoMoveActionFeedback[0m
[ 70%] [34m[1mGenerating EusLisp manifest code for move[0m
[ 72%] [34m[1mGenerating Python from MSG move/DoMoveGoal[0m
[35m[1mScanning dependencies of target move_generate_messages_cpp[0m
[ 75%] [34m[1mGenerating C++ code from move/DoMoveFeedback.msg[0m
[ 78%] [34m[1mGenerating C++ code from move/DoMoveActionResult.msg[0m
[ 81%] [34m[1mGenerating Python from MSG move/DoMoveAction[0m
[ 83%] [34m[1mGenerating C++ code from move/DoMoveResult.msg[0m
[ 86%] [34m[1mGenerating Python from MSG move/DoMoveActionGoal[0m
[ 89%] [34m[1mGenerating C++ code from move/DoMoveActionFeedback.msg[0m
[ 91%] [34m[1mGenerating Python msg __init__.py for move[0m
[ 94%] [34m[1mGenerating C++ code from move/DoMoveGoal.msg[0m
[ 97%] [34m[1mGenerating C++ code from move/DoMoveAction.msg[0m
[ 97%] Built target move_generate_messages_py
[100%] [34m[1mGenerating C++ code from move/DoMoveActionGoal.msg[0m
[100%] Built target move_generate_messages_cpp
[100%] Built target move_generate_messages_eus
[35m[1mScanning dependencies of target move_generate_messages[0m
[100%] Built target move_generate_messages
