Symlinking /home/michel/Desktop/suturo/motion/simulation/hsr_ws/devel/lib/python2.7/dist-packages/move/__init__.py
Symlinking /home/michel/Desktop/suturo/motion/simulation/hsr_ws/devel/lib/python2.7/dist-packages/move/msg/__init__.py
Symlinking /home/michel/Desktop/suturo/motion/simulation/hsr_ws/devel/lib/python2.7/dist-packages/move/msg/_DoMoveAction.py
Symlinking /home/michel/Desktop/suturo/motion/simulation/hsr_ws/devel/lib/python2.7/dist-packages/move/msg/_DoMoveActionResult.py
Symlinking /home/michel/Desktop/suturo/motion/simulation/hsr_ws/devel/lib/python2.7/dist-packages/move/msg/_DoMoveActionFeedback.py
Symlinking /home/michel/Desktop/suturo/motion/simulation/hsr_ws/devel/lib/python2.7/dist-packages/move/msg/_DoMoveFeedback.py
Symlinking /home/michel/Desktop/suturo/motion/simulation/hsr_ws/devel/lib/python2.7/dist-packages/move/msg/_DoMoveActionGoal.py
Symlinking /home/michel/Desktop/suturo/motion/simulation/hsr_ws/devel/lib/python2.7/dist-packages/move/msg/_DoMoveResult.py
Symlinking /home/michel/Desktop/suturo/motion/simulation/hsr_ws/devel/lib/python2.7/dist-packages/move/msg/_DoMoveGoal.py
Symlinking /home/michel/Desktop/suturo/motion/simulation/hsr_ws/devel/lib/pkgconfig/move.pc
Symlinking /home/michel/Desktop/suturo/motion/simulation/hsr_ws/devel/include/move/DoMoveResult.h
Symlinking /home/michel/Desktop/suturo/motion/simulation/hsr_ws/devel/include/move/DoMoveActionGoal.h
Symlinking /home/michel/Desktop/suturo/motion/simulation/hsr_ws/devel/include/move/DoMoveActionResult.h
Symlinking /home/michel/Desktop/suturo/motion/simulation/hsr_ws/devel/include/move/DoMoveGoal.h
Symlinking /home/michel/Desktop/suturo/motion/simulation/hsr_ws/devel/include/move/DoMoveActionFeedback.h
Symlinking /home/michel/Desktop/suturo/motion/simulation/hsr_ws/devel/include/move/DoMoveFeedback.h
Symlinking /home/michel/Desktop/suturo/motion/simulation/hsr_ws/devel/include/move/DoMoveAction.h
Symlinking /home/michel/Desktop/suturo/motion/simulation/hsr_ws/devel/share/gennodejs/ros/move/_index.js
Symlinking /home/michel/Desktop/suturo/motion/simulation/hsr_ws/devel/share/gennodejs/ros/move/msg/DoMoveGoal.js
Symlinking /home/michel/Desktop/suturo/motion/simulation/hsr_ws/devel/share/gennodejs/ros/move/msg/DoMoveResult.js
Symlinking /home/michel/Desktop/suturo/motion/simulation/hsr_ws/devel/share/gennodejs/ros/move/msg/DoMoveActionFeedback.js
Symlinking /home/michel/Desktop/suturo/motion/simulation/hsr_ws/devel/share/gennodejs/ros/move/msg/DoMoveAction.js
Symlinking /home/michel/Desktop/suturo/motion/simulation/hsr_ws/devel/share/gennodejs/ros/move/msg/DoMoveActionGoal.js
Symlinking /home/michel/Desktop/suturo/motion/simulation/hsr_ws/devel/share/gennodejs/ros/move/msg/_index.js
Symlinking /home/michel/Desktop/suturo/motion/simulation/hsr_ws/devel/share/gennodejs/ros/move/msg/DoMoveFeedback.js
Symlinking /home/michel/Desktop/suturo/motion/simulation/hsr_ws/devel/share/gennodejs/ros/move/msg/DoMoveActionResult.js
Symlinking /home/michel/Desktop/suturo/motion/simulation/hsr_ws/devel/share/common-lisp/ros/move/msg/_package_DoMoveFeedback.lisp
Symlinking /home/michel/Desktop/suturo/motion/simulation/hsr_ws/devel/share/common-lisp/ros/move/msg/_package_DoMoveGoal.lisp
Symlinking /home/michel/Desktop/suturo/motion/simulation/hsr_ws/devel/share/common-lisp/ros/move/msg/_package_DoMoveAction.lisp
Symlinking /home/michel/Desktop/suturo/motion/simulation/hsr_ws/devel/share/common-lisp/ros/move/msg/move-msg.asd
Symlinking /home/michel/Desktop/suturo/motion/simulation/hsr_ws/devel/share/common-lisp/ros/move/msg/DoMoveActionResult.lisp
Symlinking /home/michel/Desktop/suturo/motion/simulation/hsr_ws/devel/share/common-lisp/ros/move/msg/DoMoveActionFeedback.lisp
Symlinking /home/michel/Desktop/suturo/motion/simulation/hsr_ws/devel/share/common-lisp/ros/move/msg/_package_DoMoveResult.lisp
Symlinking /home/michel/Desktop/suturo/motion/simulation/hsr_ws/devel/share/common-lisp/ros/move/msg/DoMoveResult.lisp
Symlinking /home/michel/Desktop/suturo/motion/simulation/hsr_ws/devel/share/common-lisp/ros/move/msg/_package.lisp
Symlinking /home/michel/Desktop/suturo/motion/simulation/hsr_ws/devel/share/common-lisp/ros/move/msg/DoMoveActionGoal.lisp
Symlinking /home/michel/Desktop/suturo/motion/simulation/hsr_ws/devel/share/common-lisp/ros/move/msg/DoMoveGoal.lisp
Symlinking /home/michel/Desktop/suturo/motion/simulation/hsr_ws/devel/share/common-lisp/ros/move/msg/DoMoveAction.lisp
Symlinking /home/michel/Desktop/suturo/motion/simulation/hsr_ws/devel/share/common-lisp/ros/move/msg/_package_DoMoveActionGoal.lisp
Symlinking /home/michel/Desktop/suturo/motion/simulation/hsr_ws/devel/share/common-lisp/ros/move/msg/DoMoveFeedback.lisp
Symlinking /home/michel/Desktop/suturo/motion/simulation/hsr_ws/devel/share/common-lisp/ros/move/msg/_package_DoMoveActionResult.lisp
Symlinking /home/michel/Desktop/suturo/motion/simulation/hsr_ws/devel/share/common-lisp/ros/move/msg/_package_DoMoveActionFeedback.lisp
Symlinking /home/michel/Desktop/suturo/motion/simulation/hsr_ws/devel/share/roseus/ros/move/manifest.l
Symlinking /home/michel/Desktop/suturo/motion/simulation/hsr_ws/devel/share/roseus/ros/move/msg/DoMoveActionFeedback.l
Symlinking /home/michel/Desktop/suturo/motion/simulation/hsr_ws/devel/share/roseus/ros/move/msg/DoMoveGoal.l
Symlinking /home/michel/Desktop/suturo/motion/simulation/hsr_ws/devel/share/roseus/ros/move/msg/DoMoveActionResult.l
Symlinking /home/michel/Desktop/suturo/motion/simulation/hsr_ws/devel/share/roseus/ros/move/msg/DoMoveFeedback.l
Symlinking /home/michel/Desktop/suturo/motion/simulation/hsr_ws/devel/share/roseus/ros/move/msg/DoMoveResult.l
Symlinking /home/michel/Desktop/suturo/motion/simulation/hsr_ws/devel/share/roseus/ros/move/msg/DoMoveActionGoal.l
Symlinking /home/michel/Desktop/suturo/motion/simulation/hsr_ws/devel/share/roseus/ros/move/msg/DoMoveAction.l
Symlinking /home/michel/Desktop/suturo/motion/simulation/hsr_ws/devel/share/move/cmake/moveConfig.cmake
Symlinking /home/michel/Desktop/suturo/motion/simulation/hsr_ws/devel/share/move/cmake/move-msg-extras.cmake
Symlinking /home/michel/Desktop/suturo/motion/simulation/hsr_ws/devel/share/move/cmake/moveConfig-version.cmake
Symlinking /home/michel/Desktop/suturo/motion/simulation/hsr_ws/devel/share/move/cmake/move-msg-paths.cmake
Symlinking /home/michel/Desktop/suturo/motion/simulation/hsr_ws/devel/share/move/msg/DoMoveActionResult.msg
Symlinking /home/michel/Desktop/suturo/motion/simulation/hsr_ws/devel/share/move/msg/DoMoveFeedback.msg
Symlinking /home/michel/Desktop/suturo/motion/simulation/hsr_ws/devel/share/move/msg/DoMoveResult.msg
Symlinking /home/michel/Desktop/suturo/motion/simulation/hsr_ws/devel/share/move/msg/DoMoveAction.msg
Symlinking /home/michel/Desktop/suturo/motion/simulation/hsr_ws/devel/share/move/msg/DoMoveGoal.msg
Symlinking /home/michel/Desktop/suturo/motion/simulation/hsr_ws/devel/share/move/msg/DoMoveActionFeedback.msg
Symlinking /home/michel/Desktop/suturo/motion/simulation/hsr_ws/devel/share/move/msg/DoMoveActionGoal.msg
