[35m[1mScanning dependencies of target _giskard_msgs_generate_messages_check_deps_UpdateWorld[0m
[  0%] Built target _giskard_msgs_generate_messages_check_deps_UpdateWorld
[35m[1mScanning dependencies of target _giskard_msgs_generate_messages_check_deps_WholeBodyActionFeedback[0m
[  0%] Built target _giskard_msgs_generate_messages_check_deps_WholeBodyActionFeedback
[35m[1mScanning dependencies of target _giskard_msgs_generate_messages_check_deps_WholeBodyState[0m
[  0%] Built target _giskard_msgs_generate_messages_check_deps_WholeBodyState
[35m[1mScanning dependencies of target _giskard_msgs_generate_messages_check_deps_CollisionEntry[0m
[  0%] Built target _giskard_msgs_generate_messages_check_deps_CollisionEntry
[35m[1mScanning dependencies of target _giskard_msgs_generate_messages_check_deps_MoveActionResult[0m
[  0%] Built target _giskard_msgs_generate_messages_check_deps_MoveActionResult
[35m[1mScanning dependencies of target _giskard_msgs_generate_messages_check_deps_WholeBodyGoal[0m
[  0%] Built target _giskard_msgs_generate_messages_check_deps_WholeBodyGoal
[35m[1mScanning dependencies of target sensor_msgs_generate_messages_nodejs[0m
[  0%] Built target sensor_msgs_generate_messages_nodejs
[35m[1mScanning dependencies of target std_msgs_generate_messages_nodejs[0m
[  0%] Built target std_msgs_generate_messages_nodejs
[35m[1mScanning dependencies of target actionlib_msgs_generate_messages_nodejs[0m
[  0%] Built target actionlib_msgs_generate_messages_nodejs
[35m[1mScanning dependencies of target _giskard_msgs_generate_messages_check_deps_MoveAction[0m
[  0%] Built target _giskard_msgs_generate_messages_check_deps_MoveAction
[35m[1mScanning dependencies of target _giskard_msgs_generate_messages_check_deps_QueryMotion[0m
[  0%] Built target _giskard_msgs_generate_messages_check_deps_QueryMotion
[35m[1mScanning dependencies of target _giskard_msgs_generate_messages_check_deps_ControllerFeedback[0m
[  0%] Built target _giskard_msgs_generate_messages_check_deps_ControllerFeedback
[35m[1mScanning dependencies of target _giskard_msgs_generate_messages_check_deps_SemanticVector3[0m
[  0%] Built target _giskard_msgs_generate_messages_check_deps_SemanticVector3
[35m[1mScanning dependencies of target _giskard_msgs_generate_messages_check_deps_Finished[0m
[  0%] Built target _giskard_msgs_generate_messages_check_deps_Finished
[35m[1mScanning dependencies of target _giskard_msgs_generate_messages_check_deps_MoveResult[0m
[  0%] Built target _giskard_msgs_generate_messages_check_deps_MoveResult
[35m[1mScanning dependencies of target geometry_msgs_generate_messages_nodejs[0m
[  0%] Built target geometry_msgs_generate_messages_nodejs
[35m[1mScanning dependencies of target shape_msgs_generate_messages_nodejs[0m
[  0%] Built target shape_msgs_generate_messages_nodejs
[35m[1mScanning dependencies of target _giskard_msgs_generate_messages_check_deps_ControllerListGoal[0m
[  0%] Built target _giskard_msgs_generate_messages_check_deps_ControllerListGoal
[35m[1mScanning dependencies of target _giskard_msgs_generate_messages_check_deps_WholeBodyActionResult[0m
[  0%] Built target _giskard_msgs_generate_messages_check_deps_WholeBodyActionResult
[35m[1mScanning dependencies of target _giskard_msgs_generate_messages_check_deps_ControllerListResult[0m
[  0%] Built target _giskard_msgs_generate_messages_check_deps_ControllerListResult
[35m[1mScanning dependencies of target _giskard_msgs_generate_messages_check_deps_ControllerListActionGoal[0m
[  0%] Built target _giskard_msgs_generate_messages_check_deps_ControllerListActionGoal
[35m[1mScanning dependencies of target _giskard_msgs_generate_messages_check_deps_MoveGoal[0m
[  0%] Built target _giskard_msgs_generate_messages_check_deps_MoveGoal
[35m[1mScanning dependencies of target _giskard_msgs_generate_messages_check_deps_Task[0m
[  0%] Built target _giskard_msgs_generate_messages_check_deps_Task
[35m[1mScanning dependencies of target _giskard_msgs_generate_messages_check_deps_MoveActionGoal[0m
[  0%] Built target _giskard_msgs_generate_messages_check_deps_MoveActionGoal
[35m[1mScanning dependencies of target trajectory_msgs_generate_messages_nodejs[0m
[  0%] Built target trajectory_msgs_generate_messages_nodejs
[35m[1mScanning dependencies of target _giskard_msgs_generate_messages_check_deps_Controller[0m
[  0%] Built target _giskard_msgs_generate_messages_check_deps_Controller
[35m[1mScanning dependencies of target _giskard_msgs_generate_messages_check_deps_WholeBodyResult[0m
[  0%] Built target _giskard_msgs_generate_messages_check_deps_WholeBodyResult
[35m[1mScanning dependencies of target _giskard_msgs_generate_messages_check_deps_TaskObject[0m
[  0%] Built target _giskard_msgs_generate_messages_check_deps_TaskObject
[35m[1mScanning dependencies of target _giskard_msgs_generate_messages_check_deps_MotionPhase[0m
[  0%] Built target _giskard_msgs_generate_messages_check_deps_MotionPhase
[35m[1mScanning dependencies of target _giskard_msgs_generate_messages_check_deps_WorldBody[0m
[  0%] Built target _giskard_msgs_generate_messages_check_deps_WorldBody
[35m[1mScanning dependencies of target _giskard_msgs_generate_messages_check_deps_SemanticBool[0m
[  0%] Built target _giskard_msgs_generate_messages_check_deps_SemanticBool
[35m[1mScanning dependencies of target _giskard_msgs_generate_messages_check_deps_ControllerListActionResult[0m
[  0%] Built target _giskard_msgs_generate_messages_check_deps_ControllerListActionResult
[35m[1mScanning dependencies of target _giskard_msgs_generate_messages_check_deps_SemanticFloat64Array[0m
[  0%] Built target _giskard_msgs_generate_messages_check_deps_SemanticFloat64Array
[35m[1mScanning dependencies of target _giskard_msgs_generate_messages_check_deps_MoveActionFeedback[0m
[  0%] Built target _giskard_msgs_generate_messages_check_deps_MoveActionFeedback
[35m[1mScanning dependencies of target _giskard_msgs_generate_messages_check_deps_MoveFeedback[0m
[  0%] Built target _giskard_msgs_generate_messages_check_deps_MoveFeedback
[35m[1mScanning dependencies of target _giskard_msgs_generate_messages_check_deps_ControllerListActionFeedback[0m
[  0%] Built target _giskard_msgs_generate_messages_check_deps_ControllerListActionFeedback
[35m[1mScanning dependencies of target _giskard_msgs_generate_messages_check_deps_Constraint[0m
[  0%] Built target _giskard_msgs_generate_messages_check_deps_Constraint
[35m[1mScanning dependencies of target _giskard_msgs_generate_messages_check_deps_ControllerListFeedback[0m
[35m[1mScanning dependencies of target _giskard_msgs_generate_messages_check_deps_ControllerListAction[0m
[  0%] Built target _giskard_msgs_generate_messages_check_deps_ControllerListFeedback
[  0%] Built target _giskard_msgs_generate_messages_check_deps_ControllerListAction
[35m[1mScanning dependencies of target _giskard_msgs_generate_messages_check_deps_SetEnable[0m
[  0%] Built target _giskard_msgs_generate_messages_check_deps_SetEnable
[35m[1mScanning dependencies of target _giskard_msgs_generate_messages_check_deps_WholeBodyAction[0m
[  0%] Built target _giskard_msgs_generate_messages_check_deps_WholeBodyAction
[35m[1mScanning dependencies of target _giskard_msgs_generate_messages_check_deps_WholeBodyCommand[0m
[  0%] Built target _giskard_msgs_generate_messages_check_deps_WholeBodyCommand
[35m[1mScanning dependencies of target _giskard_msgs_generate_messages_check_deps_Dummy[0m
[  0%] Built target _giskard_msgs_generate_messages_check_deps_Dummy
[35m[1mScanning dependencies of target _giskard_msgs_generate_messages_check_deps_WholeBodyFeedback[0m
[35m[1mScanning dependencies of target _giskard_msgs_generate_messages_check_deps_MoveCmd[0m
[  0%] Built target _giskard_msgs_generate_messages_check_deps_WholeBodyFeedback
[  0%] Built target _giskard_msgs_generate_messages_check_deps_MoveCmd
[35m[1mScanning dependencies of target _giskard_msgs_generate_messages_check_deps_WholeBodyActionGoal[0m
[  0%] Built target _giskard_msgs_generate_messages_check_deps_WholeBodyActionGoal
[35m[1mScanning dependencies of target _giskard_msgs_generate_messages_check_deps_SemanticFloat64[0m
[35m[1mScanning dependencies of target _giskard_msgs_generate_messages_check_deps_ArmCommand[0m
[  0%] Built target _giskard_msgs_generate_messages_check_deps_SemanticFloat64
[  0%] Built target _giskard_msgs_generate_messages_check_deps_ArmCommand
[35m[1mScanning dependencies of target sensor_msgs_generate_messages_py[0m
[  0%] Built target sensor_msgs_generate_messages_py
[35m[1mScanning dependencies of target trajectory_msgs_generate_messages_py[0m
[  0%] Built target trajectory_msgs_generate_messages_py
[35m[1mScanning dependencies of target geometry_msgs_generate_messages_py[0m
[  0%] Built target geometry_msgs_generate_messages_py
[35m[1mScanning dependencies of target shape_msgs_generate_messages_py[0m
[  0%] Built target shape_msgs_generate_messages_py
[35m[1mScanning dependencies of target actionlib_msgs_generate_messages_py[0m
[  0%] Built target actionlib_msgs_generate_messages_py
[35m[1mScanning dependencies of target std_msgs_generate_messages_py[0m
[  0%] Built target std_msgs_generate_messages_py
[35m[1mScanning dependencies of target shape_msgs_generate_messages_lisp[0m
[  0%] Built target shape_msgs_generate_messages_lisp
[35m[1mScanning dependencies of target sensor_msgs_generate_messages_lisp[0m
[  0%] Built target sensor_msgs_generate_messages_lisp
[35m[1mScanning dependencies of target trajectory_msgs_generate_messages_lisp[0m
[  0%] Built target trajectory_msgs_generate_messages_lisp
[35m[1mScanning dependencies of target std_msgs_generate_messages_lisp[0m
[  0%] Built target std_msgs_generate_messages_lisp
[35m[1mScanning dependencies of target geometry_msgs_generate_messages_lisp[0m
[35m[1mScanning dependencies of target actionlib_msgs_generate_messages_lisp[0m
[  0%] Built target geometry_msgs_generate_messages_lisp
[  0%] Built target actionlib_msgs_generate_messages_lisp
[35m[1mScanning dependencies of target sensor_msgs_generate_messages_eus[0m
[  0%] Built target sensor_msgs_generate_messages_eus
[35m[1mScanning dependencies of target actionlib_msgs_generate_messages_eus[0m
[  0%] Built target actionlib_msgs_generate_messages_eus
[35m[1mScanning dependencies of target shape_msgs_generate_messages_eus[0m
[  0%] Built target shape_msgs_generate_messages_eus
[35m[1mScanning dependencies of target std_msgs_generate_messages_eus[0m
[  0%] Built target std_msgs_generate_messages_eus
[35m[1mScanning dependencies of target geometry_msgs_generate_messages_eus[0m
[  0%] Built target geometry_msgs_generate_messages_eus
[35m[1mScanning dependencies of target trajectory_msgs_generate_messages_eus[0m
[  0%] Built target trajectory_msgs_generate_messages_eus
[35m[1mScanning dependencies of target trajectory_msgs_generate_messages_cpp[0m
[  0%] Built target trajectory_msgs_generate_messages_cpp
[35m[1mScanning dependencies of target std_msgs_generate_messages_cpp[0m
[  0%] Built target std_msgs_generate_messages_cpp
[35m[1mScanning dependencies of target sensor_msgs_generate_messages_cpp[0m
[  0%] Built target sensor_msgs_generate_messages_cpp
[35m[1mScanning dependencies of target actionlib_msgs_generate_messages_cpp[0m
[  0%] Built target actionlib_msgs_generate_messages_cpp
[35m[1mScanning dependencies of target geometry_msgs_generate_messages_cpp[0m
[  0%] Built target geometry_msgs_generate_messages_cpp
[35m[1mScanning dependencies of target shape_msgs_generate_messages_cpp[0m
[35m[1mScanning dependencies of target giskard_msgs_generate_messages_nodejs[0m
[  0%] Built target shape_msgs_generate_messages_cpp
[  1%] [34m[1mGenerating Javascript code from giskard_msgs/Constraint.msg[0m
[  1%] [34m[1mGenerating Javascript code from giskard_msgs/ControllerListActionGoal.msg[0m
[  2%] [34m[1mGenerating Javascript code from giskard_msgs/Task.msg[0m
[  2%] [34m[1mGenerating Javascript code from giskard_msgs/MoveActionResult.msg[0m
[  2%] [34m[1mGenerating Javascript code from giskard_msgs/MoveActionGoal.msg[0m
[  3%] [34m[1mGenerating Javascript code from giskard_msgs/WholeBodyGoal.msg[0m
[  3%] [34m[1mGenerating Javascript code from giskard_msgs/Controller.msg[0m
[  4%] [34m[1mGenerating Javascript code from giskard_msgs/TaskObject.msg[0m
[  4%] [34m[1mGenerating Javascript code from giskard_msgs/WorldBody.msg[0m
[  5%] [34m[1mGenerating Javascript code from giskard_msgs/SemanticBool.msg[0m
[  5%] [34m[1mGenerating Javascript code from giskard_msgs/ControllerFeedback.msg[0m
[  6%] [34m[1mGenerating Javascript code from giskard_msgs/MoveActionFeedback.msg[0m
[  6%] [34m[1mGenerating Javascript code from giskard_msgs/ControllerListActionResult.msg[0m
[35m[1mScanning dependencies of target giskard_msgs_generate_messages_py[0m
[  6%] [34m[1mGenerating Python from MSG giskard_msgs/Constraint[0m
[  7%] [34m[1mGenerating Python from MSG giskard_msgs/ControllerListActionGoal[0m
[  7%] [34m[1mGenerating Python from MSG giskard_msgs/Task[0m
[  8%] [34m[1mGenerating Python from MSG giskard_msgs/MoveActionResult[0m
[  8%] [34m[1mGenerating Python from MSG giskard_msgs/MoveActionGoal[0m
[  9%] [34m[1mGenerating Python from MSG giskard_msgs/WholeBodyGoal[0m
[  9%] [34m[1mGenerating Javascript code from giskard_msgs/Dummy.msg[0m
[  9%] [34m[1mGenerating Python from MSG giskard_msgs/Controller[0m
[ 10%] [34m[1mGenerating Python from MSG giskard_msgs/TaskObject[0m
[ 10%] [34m[1mGenerating Python from MSG giskard_msgs/WorldBody[0m
[ 10%] [34m[1mGenerating Python from MSG giskard_msgs/SemanticBool[0m
[ 11%] [34m[1mGenerating Python from MSG giskard_msgs/ControllerFeedback[0m
[ 11%] [34m[1mGenerating Python from MSG giskard_msgs/MoveActionFeedback[0m
[ 12%] [34m[1mGenerating Javascript code from giskard_msgs/ControllerListResult.msg[0m
[ 12%] [34m[1mGenerating Javascript code from giskard_msgs/SemanticFloat64Array.msg[0m
[ 13%] [34m[1mGenerating Javascript code from giskard_msgs/MoveFeedback.msg[0m
[ 14%] [34m[1mGenerating Python from MSG giskard_msgs/ControllerListActionResult[0m
[ 14%] [34m[1mGenerating Javascript code from giskard_msgs/WholeBodyActionFeedback.msg[0m
[ 14%] [34m[1mGenerating Python from MSG giskard_msgs/Dummy[0m
[ 15%] [34m[1mGenerating Javascript code from giskard_msgs/ControllerListFeedback.msg[0m
[ 16%] [34m[1mGenerating Python from MSG giskard_msgs/ControllerListResult[0m
[ 16%] [34m[1mGenerating Javascript code from giskard_msgs/Finished.msg[0m
[ 17%] [34m[1mGenerating Javascript code from giskard_msgs/ControllerListAction.msg[0m
[ 17%] [34m[1mGenerating Python from MSG giskard_msgs/SemanticFloat64Array[0m
[ 17%] [34m[1mGenerating Javascript code from giskard_msgs/MoveAction.msg[0m
[ 18%] [34m[1mGenerating Python from MSG giskard_msgs/MoveFeedback[0m
[ 18%] [34m[1mGenerating Javascript code from giskard_msgs/SemanticVector3.msg[0m
[ 20%] [34m[1mGenerating Javascript code from giskard_msgs/WholeBodyResult.msg[0m
[ 20%] [34m[1mGenerating Python from MSG giskard_msgs/WholeBodyActionFeedback[0m
[ 20%] [34m[1mGenerating Javascript code from giskard_msgs/WholeBodyCommand.msg[0m
[ 21%] [34m[1mGenerating Javascript code from giskard_msgs/WholeBodyFeedback.msg[0m
[ 21%] [34m[1mGenerating Python from MSG giskard_msgs/ControllerListFeedback[0m
[ 21%] [34m[1mGenerating Javascript code from giskard_msgs/MoveCmd.msg[0m
[ 22%] [34m[1mGenerating Javascript code from giskard_msgs/ControllerListActionFeedback.msg[0m
[ 23%] [34m[1mGenerating Python from MSG giskard_msgs/Finished[0m
[ 23%] [34m[1mGenerating Python from MSG giskard_msgs/ControllerListAction[0m
[ 24%] [34m[1mGenerating Python from MSG giskard_msgs/MoveAction[0m
[ 24%] [34m[1mGenerating Python from MSG giskard_msgs/SemanticVector3[0m
[ 25%] [34m[1mGenerating Python from MSG giskard_msgs/WholeBodyResult[0m
[ 25%] [34m[1mGenerating Python from MSG giskard_msgs/WholeBodyCommand[0m
[ 25%] [34m[1mGenerating Javascript code from giskard_msgs/WholeBodyActionGoal.msg[0m
[ 26%] [34m[1mGenerating Javascript code from giskard_msgs/MoveGoal.msg[0m
[ 27%] [34m[1mGenerating Python from MSG giskard_msgs/WholeBodyFeedback[0m
[ 27%] [34m[1mGenerating Javascript code from giskard_msgs/WholeBodyActionResult.msg[0m
[ 27%] [34m[1mGenerating Javascript code from giskard_msgs/MoveResult.msg[0m
[ 27%] [34m[1mGenerating Python from MSG giskard_msgs/MoveCmd[0m
[ 28%] [34m[1mGenerating Javascript code from giskard_msgs/CollisionEntry.msg[0m
[ 28%] [34m[1mGenerating Javascript code from giskard_msgs/WholeBodyAction.msg[0m
[ 28%] [34m[1mGenerating Python from MSG giskard_msgs/ControllerListActionFeedback[0m
[ 29%] [34m[1mGenerating Javascript code from giskard_msgs/MotionPhase.msg[0m
[ 30%] [34m[1mGenerating Python from MSG giskard_msgs/WholeBodyActionGoal[0m
[ 30%] [34m[1mGenerating Javascript code from giskard_msgs/WholeBodyState.msg[0m
[ 31%] [34m[1mGenerating Javascript code from giskard_msgs/SemanticFloat64.msg[0m
[ 31%] [34m[1mGenerating Javascript code from giskard_msgs/ArmCommand.msg[0m
[ 31%] [34m[1mGenerating Python from MSG giskard_msgs/MoveGoal[0m
[ 32%] [34m[1mGenerating Javascript code from giskard_msgs/ControllerListGoal.msg[0m
[ 33%] [34m[1mGenerating Python from MSG giskard_msgs/WholeBodyActionResult[0m
[ 33%] [34m[1mGenerating Javascript code from giskard_msgs/QueryMotion.srv[0m
[ 34%] [34m[1mGenerating Javascript code from giskard_msgs/SetEnable.srv[0m
[ 34%] [34m[1mGenerating Python from MSG giskard_msgs/MoveResult[0m
[ 34%] [34m[1mGenerating Javascript code from giskard_msgs/UpdateWorld.srv[0m
[ 34%] Built target giskard_msgs_generate_messages_nodejs
[35m[1mScanning dependencies of target giskard_msgs_generate_messages_lisp[0m
[ 35%] [34m[1mGenerating Python from MSG giskard_msgs/CollisionEntry[0m
[ 36%] [34m[1mGenerating Lisp code from giskard_msgs/Constraint.msg[0m
[ 36%] [34m[1mGenerating Lisp code from giskard_msgs/ControllerListActionGoal.msg[0m
[ 36%] [34m[1mGenerating Python from MSG giskard_msgs/WholeBodyAction[0m
[ 37%] [34m[1mGenerating Lisp code from giskard_msgs/Task.msg[0m
[ 38%] [34m[1mGenerating Python from MSG giskard_msgs/MotionPhase[0m
[ 38%] [34m[1mGenerating Lisp code from giskard_msgs/MoveActionResult.msg[0m
[ 40%] [34m[1mGenerating Lisp code from giskard_msgs/MoveActionGoal.msg[0m
[ 40%] [34m[1mGenerating Python from MSG giskard_msgs/WholeBodyState[0m
[ 40%] [34m[1mGenerating Lisp code from giskard_msgs/WholeBodyGoal.msg[0m
[ 41%] [34m[1mGenerating Lisp code from giskard_msgs/Controller.msg[0m
[ 41%] [34m[1mGenerating Python from MSG giskard_msgs/SemanticFloat64[0m
[ 41%] [34m[1mGenerating Lisp code from giskard_msgs/TaskObject.msg[0m
[ 41%] [34m[1mGenerating Lisp code from giskard_msgs/WorldBody.msg[0m
[ 42%] [34m[1mGenerating Python from MSG giskard_msgs/ArmCommand[0m
[ 43%] [34m[1mGenerating Lisp code from giskard_msgs/SemanticBool.msg[0m
[ 43%] [34m[1mGenerating Python from MSG giskard_msgs/ControllerListGoal[0m
[ 43%] [34m[1mGenerating Lisp code from giskard_msgs/ControllerFeedback.msg[0m
[ 44%] [34m[1mGenerating Lisp code from giskard_msgs/MoveActionFeedback.msg[0m
[ 45%] [34m[1mGenerating Python code from SRV giskard_msgs/QueryMotion[0m
[ 45%] [34m[1mGenerating Lisp code from giskard_msgs/ControllerListActionResult.msg[0m
[ 46%] [34m[1mGenerating Lisp code from giskard_msgs/Dummy.msg[0m
[ 46%] [34m[1mGenerating Lisp code from giskard_msgs/ControllerListResult.msg[0m
[ 46%] [34m[1mGenerating Python code from SRV giskard_msgs/SetEnable[0m
[ 47%] [34m[1mGenerating Python code from SRV giskard_msgs/UpdateWorld[0m
[ 47%] [34m[1mGenerating Python msg __init__.py for giskard_msgs[0m
[ 48%] [34m[1mGenerating Python srv __init__.py for giskard_msgs[0m
[ 49%] [34m[1mGenerating Lisp code from giskard_msgs/SemanticFloat64Array.msg[0m
[ 49%] [34m[1mGenerating Lisp code from giskard_msgs/MoveFeedback.msg[0m
[ 49%] Built target giskard_msgs_generate_messages_py
[ 50%] [34m[1mGenerating Lisp code from giskard_msgs/ControllerListFeedback.msg[0m
[ 50%] [34m[1mGenerating Lisp code from giskard_msgs/WholeBodyActionFeedback.msg[0m
[35m[1mScanning dependencies of target giskard_msgs_generate_messages_eus[0m
[ 50%] [34m[1mGenerating Lisp code from giskard_msgs/Finished.msg[0m
[ 51%] [34m[1mGenerating EusLisp code from giskard_msgs/Constraint.msg[0m
[ 52%] [34m[1mGenerating Lisp code from giskard_msgs/ControllerListAction.msg[0m
[ 52%] [34m[1mGenerating EusLisp code from giskard_msgs/ControllerListActionGoal.msg[0m
[ 52%] [34m[1mGenerating Lisp code from giskard_msgs/MoveAction.msg[0m
[ 53%] [34m[1mGenerating EusLisp code from giskard_msgs/Task.msg[0m
[ 54%] [34m[1mGenerating Lisp code from giskard_msgs/SemanticVector3.msg[0m
[ 54%] [34m[1mGenerating EusLisp code from giskard_msgs/MoveActionResult.msg[0m
[ 54%] [34m[1mGenerating Lisp code from giskard_msgs/WholeBodyResult.msg[0m
[ 54%] [34m[1mGenerating EusLisp code from giskard_msgs/MoveActionGoal.msg[0m
[ 55%] [34m[1mGenerating Lisp code from giskard_msgs/WholeBodyCommand.msg[0m
[ 56%] [34m[1mGenerating EusLisp code from giskard_msgs/WholeBodyGoal.msg[0m
[ 56%] [34m[1mGenerating Lisp code from giskard_msgs/WholeBodyFeedback.msg[0m
[ 56%] [34m[1mGenerating EusLisp code from giskard_msgs/Controller.msg[0m
[ 57%] [34m[1mGenerating Lisp code from giskard_msgs/MoveCmd.msg[0m
[ 57%] [34m[1mGenerating Lisp code from giskard_msgs/ControllerListActionFeedback.msg[0m
[ 58%] [34m[1mGenerating EusLisp code from giskard_msgs/TaskObject.msg[0m
[ 58%] [34m[1mGenerating Lisp code from giskard_msgs/WholeBodyActionGoal.msg[0m
[ 58%] [34m[1mGenerating EusLisp code from giskard_msgs/WorldBody.msg[0m
[ 60%] [34m[1mGenerating Lisp code from giskard_msgs/MoveGoal.msg[0m
[ 61%] [34m[1mGenerating EusLisp code from giskard_msgs/SemanticBool.msg[0m
[ 61%] [34m[1mGenerating Lisp code from giskard_msgs/WholeBodyActionResult.msg[0m
[ 61%] [34m[1mGenerating EusLisp code from giskard_msgs/ControllerFeedback.msg[0m
[ 62%] [34m[1mGenerating Lisp code from giskard_msgs/MoveResult.msg[0m
[ 62%] [34m[1mGenerating Lisp code from giskard_msgs/CollisionEntry.msg[0m
[ 63%] [34m[1mGenerating EusLisp code from giskard_msgs/MoveActionFeedback.msg[0m
[ 64%] [34m[1mGenerating Lisp code from giskard_msgs/WholeBodyAction.msg[0m
[ 64%] [34m[1mGenerating EusLisp code from giskard_msgs/ControllerListActionResult.msg[0m
[ 64%] [34m[1mGenerating Lisp code from giskard_msgs/MotionPhase.msg[0m
[ 65%] [34m[1mGenerating Lisp code from giskard_msgs/WholeBodyState.msg[0m
[ 66%] [34m[1mGenerating EusLisp code from giskard_msgs/Dummy.msg[0m
[ 66%] [34m[1mGenerating Lisp code from giskard_msgs/SemanticFloat64.msg[0m
[ 66%] [34m[1mGenerating EusLisp code from giskard_msgs/ControllerListResult.msg[0m
[ 66%] [34m[1mGenerating Lisp code from giskard_msgs/ArmCommand.msg[0m
[ 67%] [34m[1mGenerating Lisp code from giskard_msgs/ControllerListGoal.msg[0m
[ 67%] [34m[1mGenerating EusLisp code from giskard_msgs/SemanticFloat64Array.msg[0m
[ 67%] [34m[1mGenerating Lisp code from giskard_msgs/QueryMotion.srv[0m
[ 68%] [34m[1mGenerating EusLisp code from giskard_msgs/MoveFeedback.msg[0m
[ 69%] [34m[1mGenerating Lisp code from giskard_msgs/SetEnable.srv[0m
[ 69%] [34m[1mGenerating EusLisp code from giskard_msgs/WholeBodyActionFeedback.msg[0m
[ 69%] [34m[1mGenerating Lisp code from giskard_msgs/UpdateWorld.srv[0m
[ 69%] Built target giskard_msgs_generate_messages_lisp
[ 70%] [34m[1mGenerating EusLisp code from giskard_msgs/ControllerListFeedback.msg[0m
[35m[1mScanning dependencies of target giskard_msgs_generate_messages_cpp[0m
[ 70%] [34m[1mGenerating C++ code from giskard_msgs/Constraint.msg[0m
[ 70%] [34m[1mGenerating EusLisp code from giskard_msgs/Finished.msg[0m
[ 71%] [34m[1mGenerating EusLisp code from giskard_msgs/ControllerListAction.msg[0m
[ 71%] [34m[1mGenerating C++ code from giskard_msgs/ControllerListActionGoal.msg[0m
[ 71%] [34m[1mGenerating EusLisp code from giskard_msgs/MoveAction.msg[0m
[ 72%] [34m[1mGenerating EusLisp code from giskard_msgs/SemanticVector3.msg[0m
[ 72%] [34m[1mGenerating EusLisp code from giskard_msgs/WholeBodyResult.msg[0m
[ 73%] [34m[1mGenerating C++ code from giskard_msgs/Task.msg[0m
[ 73%] [34m[1mGenerating EusLisp code from giskard_msgs/WholeBodyCommand.msg[0m
[ 74%] [34m[1mGenerating EusLisp code from giskard_msgs/WholeBodyFeedback.msg[0m
[ 74%] [34m[1mGenerating C++ code from giskard_msgs/MoveActionResult.msg[0m
[ 74%] [34m[1mGenerating EusLisp code from giskard_msgs/MoveCmd.msg[0m
[ 75%] [34m[1mGenerating EusLisp code from giskard_msgs/ControllerListActionFeedback.msg[0m
[ 75%] [34m[1mGenerating EusLisp code from giskard_msgs/WholeBodyActionGoal.msg[0m
[ 76%] [34m[1mGenerating C++ code from giskard_msgs/MoveActionGoal.msg[0m
[ 77%] [34m[1mGenerating EusLisp code from giskard_msgs/MoveGoal.msg[0m
[ 77%] [34m[1mGenerating EusLisp code from giskard_msgs/WholeBodyActionResult.msg[0m
[ 77%] [34m[1mGenerating C++ code from giskard_msgs/WholeBodyGoal.msg[0m
[ 78%] [34m[1mGenerating EusLisp code from giskard_msgs/MoveResult.msg[0m
[ 78%] [34m[1mGenerating EusLisp code from giskard_msgs/CollisionEntry.msg[0m
[ 80%] [34m[1mGenerating C++ code from giskard_msgs/Controller.msg[0m
[ 80%] [34m[1mGenerating EusLisp code from giskard_msgs/WholeBodyAction.msg[0m
[ 81%] [34m[1mGenerating EusLisp code from giskard_msgs/MotionPhase.msg[0m
[ 81%] [34m[1mGenerating EusLisp code from giskard_msgs/WholeBodyState.msg[0m
[ 81%] [34m[1mGenerating C++ code from giskard_msgs/TaskObject.msg[0m
[ 82%] [34m[1mGenerating EusLisp code from giskard_msgs/SemanticFloat64.msg[0m
[ 82%] [34m[1mGenerating EusLisp code from giskard_msgs/ArmCommand.msg[0m
[ 83%] [34m[1mGenerating EusLisp code from giskard_msgs/ControllerListGoal.msg[0m
[ 84%] [34m[1mGenerating C++ code from giskard_msgs/WorldBody.msg[0m
[ 84%] [34m[1mGenerating EusLisp code from giskard_msgs/QueryMotion.srv[0m
[ 85%] [34m[1mGenerating EusLisp code from giskard_msgs/SetEnable.srv[0m
[ 85%] [34m[1mGenerating C++ code from giskard_msgs/SemanticBool.msg[0m
[ 85%] [34m[1mGenerating EusLisp code from giskard_msgs/UpdateWorld.srv[0m
[ 85%] [34m[1mGenerating EusLisp manifest code for giskard_msgs[0m
[ 85%] [34m[1mGenerating C++ code from giskard_msgs/ControllerFeedback.msg[0m
[ 86%] [34m[1mGenerating C++ code from giskard_msgs/MoveActionFeedback.msg[0m
[ 86%] [34m[1mGenerating C++ code from giskard_msgs/ControllerListActionResult.msg[0m
[ 87%] [34m[1mGenerating C++ code from giskard_msgs/Dummy.msg[0m
[ 87%] [34m[1mGenerating C++ code from giskard_msgs/ControllerListResult.msg[0m
[ 87%] Built target giskard_msgs_generate_messages_eus
[ 88%] [34m[1mGenerating C++ code from giskard_msgs/SemanticFloat64Array.msg[0m
[ 88%] [34m[1mGenerating C++ code from giskard_msgs/MoveFeedback.msg[0m
[ 88%] [34m[1mGenerating C++ code from giskard_msgs/ControllerListFeedback.msg[0m
[ 89%] [34m[1mGenerating C++ code from giskard_msgs/WholeBodyActionFeedback.msg[0m
[ 89%] [34m[1mGenerating C++ code from giskard_msgs/Finished.msg[0m
[ 90%] [34m[1mGenerating C++ code from giskard_msgs/ControllerListAction.msg[0m
[ 91%] [34m[1mGenerating C++ code from giskard_msgs/SemanticVector3.msg[0m
[ 91%] [34m[1mGenerating C++ code from giskard_msgs/MoveAction.msg[0m
[ 91%] [34m[1mGenerating C++ code from giskard_msgs/WholeBodyResult.msg[0m
[ 92%] [34m[1mGenerating C++ code from giskard_msgs/WholeBodyCommand.msg[0m
[ 92%] [34m[1mGenerating C++ code from giskard_msgs/WholeBodyFeedback.msg[0m
[ 93%] [34m[1mGenerating C++ code from giskard_msgs/MoveCmd.msg[0m
[ 93%] [34m[1mGenerating C++ code from giskard_msgs/ControllerListActionFeedback.msg[0m
[ 93%] [34m[1mGenerating C++ code from giskard_msgs/WholeBodyActionGoal.msg[0m
[ 94%] [34m[1mGenerating C++ code from giskard_msgs/MoveGoal.msg[0m
[ 94%] [34m[1mGenerating C++ code from giskard_msgs/WholeBodyActionResult.msg[0m
[ 95%] [34m[1mGenerating C++ code from giskard_msgs/MoveResult.msg[0m
[ 95%] [34m[1mGenerating C++ code from giskard_msgs/CollisionEntry.msg[0m
[ 96%] [34m[1mGenerating C++ code from giskard_msgs/WholeBodyAction.msg[0m
[ 96%] [34m[1mGenerating C++ code from giskard_msgs/MotionPhase.msg[0m
[ 97%] [34m[1mGenerating C++ code from giskard_msgs/WholeBodyState.msg[0m
[ 97%] [34m[1mGenerating C++ code from giskard_msgs/SemanticFloat64.msg[0m
[ 97%] [34m[1mGenerating C++ code from giskard_msgs/ArmCommand.msg[0m
[ 98%] [34m[1mGenerating C++ code from giskard_msgs/ControllerListGoal.msg[0m
[ 98%] [34m[1mGenerating C++ code from giskard_msgs/QueryMotion.srv[0m
[100%] [34m[1mGenerating C++ code from giskard_msgs/SetEnable.srv[0m
[100%] [34m[1mGenerating C++ code from giskard_msgs/UpdateWorld.srv[0m
[100%] Built target giskard_msgs_generate_messages_cpp
[35m[1mScanning dependencies of target giskard_msgs_generate_messages[0m
[100%] Built target giskard_msgs_generate_messages
