Symlinking /home/michel/Desktop/suturo/motion/simulation/hsr_ws/devel/lib/python2.7/dist-packages/giskard_msgs/__init__.py
Symlinking /home/michel/Desktop/suturo/motion/simulation/hsr_ws/devel/lib/python2.7/dist-packages/giskard_msgs/srv/_UpdateWorld.py
Symlinking /home/michel/Desktop/suturo/motion/simulation/hsr_ws/devel/lib/python2.7/dist-packages/giskard_msgs/srv/__init__.py
Symlinking /home/michel/Desktop/suturo/motion/simulation/hsr_ws/devel/lib/python2.7/dist-packages/giskard_msgs/srv/_QueryMotion.py
Symlinking /home/michel/Desktop/suturo/motion/simulation/hsr_ws/devel/lib/python2.7/dist-packages/giskard_msgs/srv/_SetEnable.py
Symlinking /home/michel/Desktop/suturo/motion/simulation/hsr_ws/devel/lib/python2.7/dist-packages/giskard_msgs/msg/_MoveResult.py
Symlinking /home/michel/Desktop/suturo/motion/simulation/hsr_ws/devel/lib/python2.7/dist-packages/giskard_msgs/msg/_WholeBodyCommand.py
Symlinking /home/michel/Desktop/suturo/motion/simulation/hsr_ws/devel/lib/python2.7/dist-packages/giskard_msgs/msg/_ControllerListAction.py
Symlinking /home/michel/Desktop/suturo/motion/simulation/hsr_ws/devel/lib/python2.7/dist-packages/giskard_msgs/msg/_MotionPhase.py
Symlinking /home/michel/Desktop/suturo/motion/simulation/hsr_ws/devel/lib/python2.7/dist-packages/giskard_msgs/msg/_ControllerListActionResult.py
Symlinking /home/michel/Desktop/suturo/motion/simulation/hsr_ws/devel/lib/python2.7/dist-packages/giskard_msgs/msg/_WholeBodyActionResult.py
Symlinking /home/michel/Desktop/suturo/motion/simulation/hsr_ws/devel/lib/python2.7/dist-packages/giskard_msgs/msg/_ControllerFeedback.py
Symlinking /home/michel/Desktop/suturo/motion/simulation/hsr_ws/devel/lib/python2.7/dist-packages/giskard_msgs/msg/_ControllerListFeedback.py
Symlinking /home/michel/Desktop/suturo/motion/simulation/hsr_ws/devel/lib/python2.7/dist-packages/giskard_msgs/msg/__init__.py
Symlinking /home/michel/Desktop/suturo/motion/simulation/hsr_ws/devel/lib/python2.7/dist-packages/giskard_msgs/msg/_MoveGoal.py
Symlinking /home/michel/Desktop/suturo/motion/simulation/hsr_ws/devel/lib/python2.7/dist-packages/giskard_msgs/msg/_MoveCmd.py
Symlinking /home/michel/Desktop/suturo/motion/simulation/hsr_ws/devel/lib/python2.7/dist-packages/giskard_msgs/msg/_ControllerListGoal.py
Symlinking /home/michel/Desktop/suturo/motion/simulation/hsr_ws/devel/lib/python2.7/dist-packages/giskard_msgs/msg/_ControllerListActionFeedback.py
Symlinking /home/michel/Desktop/suturo/motion/simulation/hsr_ws/devel/lib/python2.7/dist-packages/giskard_msgs/msg/_SemanticFloat64Array.py
Symlinking /home/michel/Desktop/suturo/motion/simulation/hsr_ws/devel/lib/python2.7/dist-packages/giskard_msgs/msg/_Controller.py
Symlinking /home/michel/Desktop/suturo/motion/simulation/hsr_ws/devel/lib/python2.7/dist-packages/giskard_msgs/msg/_SemanticFloat64.py
Symlinking /home/michel/Desktop/suturo/motion/simulation/hsr_ws/devel/lib/python2.7/dist-packages/giskard_msgs/msg/_WholeBodyFeedback.py
Symlinking /home/michel/Desktop/suturo/motion/simulation/hsr_ws/devel/lib/python2.7/dist-packages/giskard_msgs/msg/_MoveAction.py
Symlinking /home/michel/Desktop/suturo/motion/simulation/hsr_ws/devel/lib/python2.7/dist-packages/giskard_msgs/msg/_TaskObject.py
Symlinking /home/michel/Desktop/suturo/motion/simulation/hsr_ws/devel/lib/python2.7/dist-packages/giskard_msgs/msg/_ArmCommand.py
Symlinking /home/michel/Desktop/suturo/motion/simulation/hsr_ws/devel/lib/python2.7/dist-packages/giskard_msgs/msg/_WholeBodyResult.py
Symlinking /home/michel/Desktop/suturo/motion/simulation/hsr_ws/devel/lib/python2.7/dist-packages/giskard_msgs/msg/_MoveActionGoal.py
Symlinking /home/michel/Desktop/suturo/motion/simulation/hsr_ws/devel/lib/python2.7/dist-packages/giskard_msgs/msg/_WholeBodyActionGoal.py
Symlinking /home/michel/Desktop/suturo/motion/simulation/hsr_ws/devel/lib/python2.7/dist-packages/giskard_msgs/msg/_Dummy.py
Symlinking /home/michel/Desktop/suturo/motion/simulation/hsr_ws/devel/lib/python2.7/dist-packages/giskard_msgs/msg/_WholeBodyState.py
Symlinking /home/michel/Desktop/suturo/motion/simulation/hsr_ws/devel/lib/python2.7/dist-packages/giskard_msgs/msg/_MoveFeedback.py
Symlinking /home/michel/Desktop/suturo/motion/simulation/hsr_ws/devel/lib/python2.7/dist-packages/giskard_msgs/msg/_WholeBodyActionFeedback.py
Symlinking /home/michel/Desktop/suturo/motion/simulation/hsr_ws/devel/lib/python2.7/dist-packages/giskard_msgs/msg/_Task.py
Symlinking /home/michel/Desktop/suturo/motion/simulation/hsr_ws/devel/lib/python2.7/dist-packages/giskard_msgs/msg/_MoveActionFeedback.py
Symlinking /home/michel/Desktop/suturo/motion/simulation/hsr_ws/devel/lib/python2.7/dist-packages/giskard_msgs/msg/_MoveActionResult.py
Symlinking /home/michel/Desktop/suturo/motion/simulation/hsr_ws/devel/lib/python2.7/dist-packages/giskard_msgs/msg/_WholeBodyGoal.py
Symlinking /home/michel/Desktop/suturo/motion/simulation/hsr_ws/devel/lib/python2.7/dist-packages/giskard_msgs/msg/_CollisionEntry.py
Symlinking /home/michel/Desktop/suturo/motion/simulation/hsr_ws/devel/lib/python2.7/dist-packages/giskard_msgs/msg/_ControllerListActionGoal.py
Symlinking /home/michel/Desktop/suturo/motion/simulation/hsr_ws/devel/lib/python2.7/dist-packages/giskard_msgs/msg/_SemanticBool.py
Symlinking /home/michel/Desktop/suturo/motion/simulation/hsr_ws/devel/lib/python2.7/dist-packages/giskard_msgs/msg/_Finished.py
Symlinking /home/michel/Desktop/suturo/motion/simulation/hsr_ws/devel/lib/python2.7/dist-packages/giskard_msgs/msg/_Constraint.py
Symlinking /home/michel/Desktop/suturo/motion/simulation/hsr_ws/devel/lib/python2.7/dist-packages/giskard_msgs/msg/_ControllerListResult.py
Symlinking /home/michel/Desktop/suturo/motion/simulation/hsr_ws/devel/lib/python2.7/dist-packages/giskard_msgs/msg/_WorldBody.py
Symlinking /home/michel/Desktop/suturo/motion/simulation/hsr_ws/devel/lib/python2.7/dist-packages/giskard_msgs/msg/_SemanticVector3.py
Symlinking /home/michel/Desktop/suturo/motion/simulation/hsr_ws/devel/lib/python2.7/dist-packages/giskard_msgs/msg/_WholeBodyAction.py
Symlinking /home/michel/Desktop/suturo/motion/simulation/hsr_ws/devel/lib/pkgconfig/giskard_msgs.pc
Symlinking /home/michel/Desktop/suturo/motion/simulation/hsr_ws/devel/include/giskard_msgs/SemanticVector3.h
Symlinking /home/michel/Desktop/suturo/motion/simulation/hsr_ws/devel/include/giskard_msgs/ControllerListActionResult.h
Symlinking /home/michel/Desktop/suturo/motion/simulation/hsr_ws/devel/include/giskard_msgs/MoveActionFeedback.h
Symlinking /home/michel/Desktop/suturo/motion/simulation/hsr_ws/devel/include/giskard_msgs/Dummy.h
Symlinking /home/michel/Desktop/suturo/motion/simulation/hsr_ws/devel/include/giskard_msgs/WholeBodyActionGoal.h
Symlinking /home/michel/Desktop/suturo/motion/simulation/hsr_ws/devel/include/giskard_msgs/ControllerFeedback.h
Symlinking /home/michel/Desktop/suturo/motion/simulation/hsr_ws/devel/include/giskard_msgs/QueryMotionResponse.h
Symlinking /home/michel/Desktop/suturo/motion/simulation/hsr_ws/devel/include/giskard_msgs/MoveActionGoal.h
Symlinking /home/michel/Desktop/suturo/motion/simulation/hsr_ws/devel/include/giskard_msgs/MoveFeedback.h
Symlinking /home/michel/Desktop/suturo/motion/simulation/hsr_ws/devel/include/giskard_msgs/WholeBodyActionFeedback.h
Symlinking /home/michel/Desktop/suturo/motion/simulation/hsr_ws/devel/include/giskard_msgs/TaskObject.h
Symlinking /home/michel/Desktop/suturo/motion/simulation/hsr_ws/devel/include/giskard_msgs/SemanticBool.h
Symlinking /home/michel/Desktop/suturo/motion/simulation/hsr_ws/devel/include/giskard_msgs/SemanticFloat64Array.h
Symlinking /home/michel/Desktop/suturo/motion/simulation/hsr_ws/devel/include/giskard_msgs/UpdateWorld.h
Symlinking /home/michel/Desktop/suturo/motion/simulation/hsr_ws/devel/include/giskard_msgs/MotionPhase.h
Symlinking /home/michel/Desktop/suturo/motion/simulation/hsr_ws/devel/include/giskard_msgs/QueryMotionRequest.h
Symlinking /home/michel/Desktop/suturo/motion/simulation/hsr_ws/devel/include/giskard_msgs/WorldBody.h
Symlinking /home/michel/Desktop/suturo/motion/simulation/hsr_ws/devel/include/giskard_msgs/SetEnable.h
Symlinking /home/michel/Desktop/suturo/motion/simulation/hsr_ws/devel/include/giskard_msgs/ControllerListActionGoal.h
Symlinking /home/michel/Desktop/suturo/motion/simulation/hsr_ws/devel/include/giskard_msgs/CollisionEntry.h
Symlinking /home/michel/Desktop/suturo/motion/simulation/hsr_ws/devel/include/giskard_msgs/MoveGoal.h
Symlinking /home/michel/Desktop/suturo/motion/simulation/hsr_ws/devel/include/giskard_msgs/Constraint.h
Symlinking /home/michel/Desktop/suturo/motion/simulation/hsr_ws/devel/include/giskard_msgs/ControllerListResult.h
Symlinking /home/michel/Desktop/suturo/motion/simulation/hsr_ws/devel/include/giskard_msgs/MoveCmd.h
Symlinking /home/michel/Desktop/suturo/motion/simulation/hsr_ws/devel/include/giskard_msgs/WholeBodyFeedback.h
Symlinking /home/michel/Desktop/suturo/motion/simulation/hsr_ws/devel/include/giskard_msgs/WholeBodyCommand.h
Symlinking /home/michel/Desktop/suturo/motion/simulation/hsr_ws/devel/include/giskard_msgs/WholeBodyGoal.h
Symlinking /home/michel/Desktop/suturo/motion/simulation/hsr_ws/devel/include/giskard_msgs/Task.h
Symlinking /home/michel/Desktop/suturo/motion/simulation/hsr_ws/devel/include/giskard_msgs/SetEnableRequest.h
Symlinking /home/michel/Desktop/suturo/motion/simulation/hsr_ws/devel/include/giskard_msgs/UpdateWorldResponse.h
Symlinking /home/michel/Desktop/suturo/motion/simulation/hsr_ws/devel/include/giskard_msgs/SetEnableResponse.h
Symlinking /home/michel/Desktop/suturo/motion/simulation/hsr_ws/devel/include/giskard_msgs/MoveResult.h
Symlinking /home/michel/Desktop/suturo/motion/simulation/hsr_ws/devel/include/giskard_msgs/SemanticFloat64.h
Symlinking /home/michel/Desktop/suturo/motion/simulation/hsr_ws/devel/include/giskard_msgs/ControllerListAction.h
Symlinking /home/michel/Desktop/suturo/motion/simulation/hsr_ws/devel/include/giskard_msgs/QueryMotion.h
Symlinking /home/michel/Desktop/suturo/motion/simulation/hsr_ws/devel/include/giskard_msgs/WholeBodyAction.h
Symlinking /home/michel/Desktop/suturo/motion/simulation/hsr_ws/devel/include/giskard_msgs/MoveActionResult.h
Symlinking /home/michel/Desktop/suturo/motion/simulation/hsr_ws/devel/include/giskard_msgs/WholeBodyActionResult.h
Symlinking /home/michel/Desktop/suturo/motion/simulation/hsr_ws/devel/include/giskard_msgs/ArmCommand.h
Symlinking /home/michel/Desktop/suturo/motion/simulation/hsr_ws/devel/include/giskard_msgs/Controller.h
Symlinking /home/michel/Desktop/suturo/motion/simulation/hsr_ws/devel/include/giskard_msgs/UpdateWorldRequest.h
Symlinking /home/michel/Desktop/suturo/motion/simulation/hsr_ws/devel/include/giskard_msgs/WholeBodyState.h
Symlinking /home/michel/Desktop/suturo/motion/simulation/hsr_ws/devel/include/giskard_msgs/MoveAction.h
Symlinking /home/michel/Desktop/suturo/motion/simulation/hsr_ws/devel/include/giskard_msgs/ControllerListActionFeedback.h
Symlinking /home/michel/Desktop/suturo/motion/simulation/hsr_ws/devel/include/giskard_msgs/ControllerListGoal.h
Symlinking /home/michel/Desktop/suturo/motion/simulation/hsr_ws/devel/include/giskard_msgs/ControllerListFeedback.h
Symlinking /home/michel/Desktop/suturo/motion/simulation/hsr_ws/devel/include/giskard_msgs/WholeBodyResult.h
Symlinking /home/michel/Desktop/suturo/motion/simulation/hsr_ws/devel/include/giskard_msgs/Finished.h
Symlinking /home/michel/Desktop/suturo/motion/simulation/hsr_ws/devel/share/giskard_msgs/cmake/giskard_msgsConfig-version.cmake
Symlinking /home/michel/Desktop/suturo/motion/simulation/hsr_ws/devel/share/giskard_msgs/cmake/giskard_msgsConfig.cmake
Symlinking /home/michel/Desktop/suturo/motion/simulation/hsr_ws/devel/share/giskard_msgs/cmake/giskard_msgs-msg-paths.cmake
Symlinking /home/michel/Desktop/suturo/motion/simulation/hsr_ws/devel/share/giskard_msgs/cmake/giskard_msgs-msg-extras.cmake
Symlinking /home/michel/Desktop/suturo/motion/simulation/hsr_ws/devel/share/giskard_msgs/msg/WholeBodyFeedback.msg
Symlinking /home/michel/Desktop/suturo/motion/simulation/hsr_ws/devel/share/giskard_msgs/msg/ControllerListActionResult.msg
Symlinking /home/michel/Desktop/suturo/motion/simulation/hsr_ws/devel/share/giskard_msgs/msg/MoveActionFeedback.msg
Symlinking /home/michel/Desktop/suturo/motion/simulation/hsr_ws/devel/share/giskard_msgs/msg/MoveResult.msg
Symlinking /home/michel/Desktop/suturo/motion/simulation/hsr_ws/devel/share/giskard_msgs/msg/WholeBodyActionFeedback.msg
Symlinking /home/michel/Desktop/suturo/motion/simulation/hsr_ws/devel/share/giskard_msgs/msg/ControllerListResult.msg
Symlinking /home/michel/Desktop/suturo/motion/simulation/hsr_ws/devel/share/giskard_msgs/msg/WholeBodyResult.msg
Symlinking /home/michel/Desktop/suturo/motion/simulation/hsr_ws/devel/share/giskard_msgs/msg/WholeBodyAction.msg
Symlinking /home/michel/Desktop/suturo/motion/simulation/hsr_ws/devel/share/giskard_msgs/msg/MoveActionGoal.msg
Symlinking /home/michel/Desktop/suturo/motion/simulation/hsr_ws/devel/share/giskard_msgs/msg/MoveAction.msg
Symlinking /home/michel/Desktop/suturo/motion/simulation/hsr_ws/devel/share/giskard_msgs/msg/MoveActionResult.msg
Symlinking /home/michel/Desktop/suturo/motion/simulation/hsr_ws/devel/share/giskard_msgs/msg/ControllerListFeedback.msg
Symlinking /home/michel/Desktop/suturo/motion/simulation/hsr_ws/devel/share/giskard_msgs/msg/MoveGoal.msg
Symlinking /home/michel/Desktop/suturo/motion/simulation/hsr_ws/devel/share/giskard_msgs/msg/ControllerListGoal.msg
Symlinking /home/michel/Desktop/suturo/motion/simulation/hsr_ws/devel/share/giskard_msgs/msg/WholeBodyActionGoal.msg
Symlinking /home/michel/Desktop/suturo/motion/simulation/hsr_ws/devel/share/giskard_msgs/msg/ControllerListActionGoal.msg
Symlinking /home/michel/Desktop/suturo/motion/simulation/hsr_ws/devel/share/giskard_msgs/msg/ControllerListActionFeedback.msg
Symlinking /home/michel/Desktop/suturo/motion/simulation/hsr_ws/devel/share/giskard_msgs/msg/ControllerListAction.msg
Symlinking /home/michel/Desktop/suturo/motion/simulation/hsr_ws/devel/share/giskard_msgs/msg/WholeBodyActionResult.msg
Symlinking /home/michel/Desktop/suturo/motion/simulation/hsr_ws/devel/share/giskard_msgs/msg/MoveFeedback.msg
Symlinking /home/michel/Desktop/suturo/motion/simulation/hsr_ws/devel/share/giskard_msgs/msg/WholeBodyGoal.msg
Symlinking /home/michel/Desktop/suturo/motion/simulation/hsr_ws/devel/share/gennodejs/ros/giskard_msgs/_index.js
Symlinking /home/michel/Desktop/suturo/motion/simulation/hsr_ws/devel/share/gennodejs/ros/giskard_msgs/srv/UpdateWorld.js
Symlinking /home/michel/Desktop/suturo/motion/simulation/hsr_ws/devel/share/gennodejs/ros/giskard_msgs/srv/_index.js
Symlinking /home/michel/Desktop/suturo/motion/simulation/hsr_ws/devel/share/gennodejs/ros/giskard_msgs/srv/SetEnable.js
Symlinking /home/michel/Desktop/suturo/motion/simulation/hsr_ws/devel/share/gennodejs/ros/giskard_msgs/srv/QueryMotion.js
Symlinking /home/michel/Desktop/suturo/motion/simulation/hsr_ws/devel/share/gennodejs/ros/giskard_msgs/msg/SemanticBool.js
Symlinking /home/michel/Desktop/suturo/motion/simulation/hsr_ws/devel/share/gennodejs/ros/giskard_msgs/msg/ControllerFeedback.js
Symlinking /home/michel/Desktop/suturo/motion/simulation/hsr_ws/devel/share/gennodejs/ros/giskard_msgs/msg/SemanticFloat64Array.js
Symlinking /home/michel/Desktop/suturo/motion/simulation/hsr_ws/devel/share/gennodejs/ros/giskard_msgs/msg/Constraint.js
Symlinking /home/michel/Desktop/suturo/motion/simulation/hsr_ws/devel/share/gennodejs/ros/giskard_msgs/msg/MoveCmd.js
Symlinking /home/michel/Desktop/suturo/motion/simulation/hsr_ws/devel/share/gennodejs/ros/giskard_msgs/msg/MoveResult.js
Symlinking /home/michel/Desktop/suturo/motion/simulation/hsr_ws/devel/share/gennodejs/ros/giskard_msgs/msg/SemanticVector3.js
Symlinking /home/michel/Desktop/suturo/motion/simulation/hsr_ws/devel/share/gennodejs/ros/giskard_msgs/msg/Controller.js
Symlinking /home/michel/Desktop/suturo/motion/simulation/hsr_ws/devel/share/gennodejs/ros/giskard_msgs/msg/WholeBodyResult.js
Symlinking /home/michel/Desktop/suturo/motion/simulation/hsr_ws/devel/share/gennodejs/ros/giskard_msgs/msg/WholeBodyState.js
Symlinking /home/michel/Desktop/suturo/motion/simulation/hsr_ws/devel/share/gennodejs/ros/giskard_msgs/msg/WholeBodyActionFeedback.js
Symlinking /home/michel/Desktop/suturo/motion/simulation/hsr_ws/devel/share/gennodejs/ros/giskard_msgs/msg/WholeBodyActionResult.js
Symlinking /home/michel/Desktop/suturo/motion/simulation/hsr_ws/devel/share/gennodejs/ros/giskard_msgs/msg/ControllerListActionResult.js
Symlinking /home/michel/Desktop/suturo/motion/simulation/hsr_ws/devel/share/gennodejs/ros/giskard_msgs/msg/Finished.js
Symlinking /home/michel/Desktop/suturo/motion/simulation/hsr_ws/devel/share/gennodejs/ros/giskard_msgs/msg/ControllerListResult.js
Symlinking /home/michel/Desktop/suturo/motion/simulation/hsr_ws/devel/share/gennodejs/ros/giskard_msgs/msg/ControllerListAction.js
Symlinking /home/michel/Desktop/suturo/motion/simulation/hsr_ws/devel/share/gennodejs/ros/giskard_msgs/msg/ControllerListFeedback.js
Symlinking /home/michel/Desktop/suturo/motion/simulation/hsr_ws/devel/share/gennodejs/ros/giskard_msgs/msg/WholeBodyActionGoal.js
Symlinking /home/michel/Desktop/suturo/motion/simulation/hsr_ws/devel/share/gennodejs/ros/giskard_msgs/msg/CollisionEntry.js
Symlinking /home/michel/Desktop/suturo/motion/simulation/hsr_ws/devel/share/gennodejs/ros/giskard_msgs/msg/WholeBodyCommand.js
Symlinking /home/michel/Desktop/suturo/motion/simulation/hsr_ws/devel/share/gennodejs/ros/giskard_msgs/msg/WholeBodyAction.js
Symlinking /home/michel/Desktop/suturo/motion/simulation/hsr_ws/devel/share/gennodejs/ros/giskard_msgs/msg/WholeBodyFeedback.js
Symlinking /home/michel/Desktop/suturo/motion/simulation/hsr_ws/devel/share/gennodejs/ros/giskard_msgs/msg/MoveAction.js
Symlinking /home/michel/Desktop/suturo/motion/simulation/hsr_ws/devel/share/gennodejs/ros/giskard_msgs/msg/TaskObject.js
Symlinking /home/michel/Desktop/suturo/motion/simulation/hsr_ws/devel/share/gennodejs/ros/giskard_msgs/msg/ControllerListActionGoal.js
Symlinking /home/michel/Desktop/suturo/motion/simulation/hsr_ws/devel/share/gennodejs/ros/giskard_msgs/msg/MoveActionResult.js
Symlinking /home/michel/Desktop/suturo/motion/simulation/hsr_ws/devel/share/gennodejs/ros/giskard_msgs/msg/_index.js
Symlinking /home/michel/Desktop/suturo/motion/simulation/hsr_ws/devel/share/gennodejs/ros/giskard_msgs/msg/Dummy.js
Symlinking /home/michel/Desktop/suturo/motion/simulation/hsr_ws/devel/share/gennodejs/ros/giskard_msgs/msg/MoveFeedback.js
Symlinking /home/michel/Desktop/suturo/motion/simulation/hsr_ws/devel/share/gennodejs/ros/giskard_msgs/msg/ControllerListActionFeedback.js
Symlinking /home/michel/Desktop/suturo/motion/simulation/hsr_ws/devel/share/gennodejs/ros/giskard_msgs/msg/ControllerListGoal.js
Symlinking /home/michel/Desktop/suturo/motion/simulation/hsr_ws/devel/share/gennodejs/ros/giskard_msgs/msg/MoveActionGoal.js
Symlinking /home/michel/Desktop/suturo/motion/simulation/hsr_ws/devel/share/gennodejs/ros/giskard_msgs/msg/WorldBody.js
Symlinking /home/michel/Desktop/suturo/motion/simulation/hsr_ws/devel/share/gennodejs/ros/giskard_msgs/msg/ArmCommand.js
Symlinking /home/michel/Desktop/suturo/motion/simulation/hsr_ws/devel/share/gennodejs/ros/giskard_msgs/msg/WholeBodyGoal.js
Symlinking /home/michel/Desktop/suturo/motion/simulation/hsr_ws/devel/share/gennodejs/ros/giskard_msgs/msg/MoveActionFeedback.js
Symlinking /home/michel/Desktop/suturo/motion/simulation/hsr_ws/devel/share/gennodejs/ros/giskard_msgs/msg/MoveGoal.js
Symlinking /home/michel/Desktop/suturo/motion/simulation/hsr_ws/devel/share/gennodejs/ros/giskard_msgs/msg/MotionPhase.js
Symlinking /home/michel/Desktop/suturo/motion/simulation/hsr_ws/devel/share/gennodejs/ros/giskard_msgs/msg/SemanticFloat64.js
Symlinking /home/michel/Desktop/suturo/motion/simulation/hsr_ws/devel/share/gennodejs/ros/giskard_msgs/msg/Task.js
Symlinking /home/michel/Desktop/suturo/motion/simulation/hsr_ws/devel/share/common-lisp/ros/giskard_msgs/srv/SetEnable.lisp
Symlinking /home/michel/Desktop/suturo/motion/simulation/hsr_ws/devel/share/common-lisp/ros/giskard_msgs/srv/_package_QueryMotion.lisp
Symlinking /home/michel/Desktop/suturo/motion/simulation/hsr_ws/devel/share/common-lisp/ros/giskard_msgs/srv/UpdateWorld.lisp
Symlinking /home/michel/Desktop/suturo/motion/simulation/hsr_ws/devel/share/common-lisp/ros/giskard_msgs/srv/_package.lisp
Symlinking /home/michel/Desktop/suturo/motion/simulation/hsr_ws/devel/share/common-lisp/ros/giskard_msgs/srv/giskard_msgs-srv.asd
Symlinking /home/michel/Desktop/suturo/motion/simulation/hsr_ws/devel/share/common-lisp/ros/giskard_msgs/srv/_package_SetEnable.lisp
Symlinking /home/michel/Desktop/suturo/motion/simulation/hsr_ws/devel/share/common-lisp/ros/giskard_msgs/srv/QueryMotion.lisp
Symlinking /home/michel/Desktop/suturo/motion/simulation/hsr_ws/devel/share/common-lisp/ros/giskard_msgs/srv/_package_UpdateWorld.lisp
Symlinking /home/michel/Desktop/suturo/motion/simulation/hsr_ws/devel/share/common-lisp/ros/giskard_msgs/msg/_package_Task.lisp
Symlinking /home/michel/Desktop/suturo/motion/simulation/hsr_ws/devel/share/common-lisp/ros/giskard_msgs/msg/WholeBodyActionResult.lisp
Symlinking /home/michel/Desktop/suturo/motion/simulation/hsr_ws/devel/share/common-lisp/ros/giskard_msgs/msg/_package_WholeBodyCommand.lisp
Symlinking /home/michel/Desktop/suturo/motion/simulation/hsr_ws/devel/share/common-lisp/ros/giskard_msgs/msg/TaskObject.lisp
Symlinking /home/michel/Desktop/suturo/motion/simulation/hsr_ws/devel/share/common-lisp/ros/giskard_msgs/msg/_package_MotionPhase.lisp
Symlinking /home/michel/Desktop/suturo/motion/simulation/hsr_ws/devel/share/common-lisp/ros/giskard_msgs/msg/Task.lisp
Symlinking /home/michel/Desktop/suturo/motion/simulation/hsr_ws/devel/share/common-lisp/ros/giskard_msgs/msg/_package_ControllerFeedback.lisp
Symlinking /home/michel/Desktop/suturo/motion/simulation/hsr_ws/devel/share/common-lisp/ros/giskard_msgs/msg/ControllerListActionResult.lisp
Symlinking /home/michel/Desktop/suturo/motion/simulation/hsr_ws/devel/share/common-lisp/ros/giskard_msgs/msg/_package_ControllerListFeedback.lisp
Symlinking /home/michel/Desktop/suturo/motion/simulation/hsr_ws/devel/share/common-lisp/ros/giskard_msgs/msg/Dummy.lisp
Symlinking /home/michel/Desktop/suturo/motion/simulation/hsr_ws/devel/share/common-lisp/ros/giskard_msgs/msg/SemanticFloat64.lisp
Symlinking /home/michel/Desktop/suturo/motion/simulation/hsr_ws/devel/share/common-lisp/ros/giskard_msgs/msg/WholeBodyFeedback.lisp
Symlinking /home/michel/Desktop/suturo/motion/simulation/hsr_ws/devel/share/common-lisp/ros/giskard_msgs/msg/_package_WholeBodyGoal.lisp
Symlinking /home/michel/Desktop/suturo/motion/simulation/hsr_ws/devel/share/common-lisp/ros/giskard_msgs/msg/MoveActionResult.lisp
Symlinking /home/michel/Desktop/suturo/motion/simulation/hsr_ws/devel/share/common-lisp/ros/giskard_msgs/msg/_package_WholeBodyActionFeedback.lisp
Symlinking /home/michel/Desktop/suturo/motion/simulation/hsr_ws/devel/share/common-lisp/ros/giskard_msgs/msg/_package_Controller.lisp
Symlinking /home/michel/Desktop/suturo/motion/simulation/hsr_ws/devel/share/common-lisp/ros/giskard_msgs/msg/_package_Dummy.lisp
Symlinking /home/michel/Desktop/suturo/motion/simulation/hsr_ws/devel/share/common-lisp/ros/giskard_msgs/msg/_package_SemanticVector3.lisp
Symlinking /home/michel/Desktop/suturo/motion/simulation/hsr_ws/devel/share/common-lisp/ros/giskard_msgs/msg/ControllerFeedback.lisp
Symlinking /home/michel/Desktop/suturo/motion/simulation/hsr_ws/devel/share/common-lisp/ros/giskard_msgs/msg/MoveActionGoal.lisp
Symlinking /home/michel/Desktop/suturo/motion/simulation/hsr_ws/devel/share/common-lisp/ros/giskard_msgs/msg/MoveAction.lisp
Symlinking /home/michel/Desktop/suturo/motion/simulation/hsr_ws/devel/share/common-lisp/ros/giskard_msgs/msg/WholeBodyActionGoal.lisp
Symlinking /home/michel/Desktop/suturo/motion/simulation/hsr_ws/devel/share/common-lisp/ros/giskard_msgs/msg/giskard_msgs-msg.asd
Symlinking /home/michel/Desktop/suturo/motion/simulation/hsr_ws/devel/share/common-lisp/ros/giskard_msgs/msg/WholeBodyState.lisp
Symlinking /home/michel/Desktop/suturo/motion/simulation/hsr_ws/devel/share/common-lisp/ros/giskard_msgs/msg/Finished.lisp
Symlinking /home/michel/Desktop/suturo/motion/simulation/hsr_ws/devel/share/common-lisp/ros/giskard_msgs/msg/MoveFeedback.lisp
Symlinking /home/michel/Desktop/suturo/motion/simulation/hsr_ws/devel/share/common-lisp/ros/giskard_msgs/msg/_package_ControllerListAction.lisp
Symlinking /home/michel/Desktop/suturo/motion/simulation/hsr_ws/devel/share/common-lisp/ros/giskard_msgs/msg/_package_WholeBodyAction.lisp
Symlinking /home/michel/Desktop/suturo/motion/simulation/hsr_ws/devel/share/common-lisp/ros/giskard_msgs/msg/_package_SemanticFloat64Array.lisp
Symlinking /home/michel/Desktop/suturo/motion/simulation/hsr_ws/devel/share/common-lisp/ros/giskard_msgs/msg/WholeBodyGoal.lisp
Symlinking /home/michel/Desktop/suturo/motion/simulation/hsr_ws/devel/share/common-lisp/ros/giskard_msgs/msg/MoveGoal.lisp
Symlinking /home/michel/Desktop/suturo/motion/simulation/hsr_ws/devel/share/common-lisp/ros/giskard_msgs/msg/_package_SemanticFloat64.lisp
Symlinking /home/michel/Desktop/suturo/motion/simulation/hsr_ws/devel/share/common-lisp/ros/giskard_msgs/msg/_package_MoveActionGoal.lisp
Symlinking /home/michel/Desktop/suturo/motion/simulation/hsr_ws/devel/share/common-lisp/ros/giskard_msgs/msg/CollisionEntry.lisp
Symlinking /home/michel/Desktop/suturo/motion/simulation/hsr_ws/devel/share/common-lisp/ros/giskard_msgs/msg/SemanticVector3.lisp
Symlinking /home/michel/Desktop/suturo/motion/simulation/hsr_ws/devel/share/common-lisp/ros/giskard_msgs/msg/SemanticBool.lisp
Symlinking /home/michel/Desktop/suturo/motion/simulation/hsr_ws/devel/share/common-lisp/ros/giskard_msgs/msg/ControllerListResult.lisp
Symlinking /home/michel/Desktop/suturo/motion/simulation/hsr_ws/devel/share/common-lisp/ros/giskard_msgs/msg/_package_MoveActionFeedback.lisp
Symlinking /home/michel/Desktop/suturo/motion/simulation/hsr_ws/devel/share/common-lisp/ros/giskard_msgs/msg/MoveCmd.lisp
Symlinking /home/michel/Desktop/suturo/motion/simulation/hsr_ws/devel/share/common-lisp/ros/giskard_msgs/msg/_package_MoveGoal.lisp
Symlinking /home/michel/Desktop/suturo/motion/simulation/hsr_ws/devel/share/common-lisp/ros/giskard_msgs/msg/_package.lisp
Symlinking /home/michel/Desktop/suturo/motion/simulation/hsr_ws/devel/share/common-lisp/ros/giskard_msgs/msg/_package_WholeBodyActionResult.lisp
Symlinking /home/michel/Desktop/suturo/motion/simulation/hsr_ws/devel/share/common-lisp/ros/giskard_msgs/msg/_package_ControllerListActionGoal.lisp
Symlinking /home/michel/Desktop/suturo/motion/simulation/hsr_ws/devel/share/common-lisp/ros/giskard_msgs/msg/ControllerListActionFeedback.lisp
Symlinking /home/michel/Desktop/suturo/motion/simulation/hsr_ws/devel/share/common-lisp/ros/giskard_msgs/msg/_package_ControllerListGoal.lisp
Symlinking /home/michel/Desktop/suturo/motion/simulation/hsr_ws/devel/share/common-lisp/ros/giskard_msgs/msg/WorldBody.lisp
Symlinking /home/michel/Desktop/suturo/motion/simulation/hsr_ws/devel/share/common-lisp/ros/giskard_msgs/msg/_package_MoveCmd.lisp
Symlinking /home/michel/Desktop/suturo/motion/simulation/hsr_ws/devel/share/common-lisp/ros/giskard_msgs/msg/_package_ControllerListResult.lisp
Symlinking /home/michel/Desktop/suturo/motion/simulation/hsr_ws/devel/share/common-lisp/ros/giskard_msgs/msg/ControllerListActionGoal.lisp
Symlinking /home/michel/Desktop/suturo/motion/simulation/hsr_ws/devel/share/common-lisp/ros/giskard_msgs/msg/_package_CollisionEntry.lisp
Symlinking /home/michel/Desktop/suturo/motion/simulation/hsr_ws/devel/share/common-lisp/ros/giskard_msgs/msg/MoveResult.lisp
Symlinking /home/michel/Desktop/suturo/motion/simulation/hsr_ws/devel/share/common-lisp/ros/giskard_msgs/msg/_package_ControllerListActionFeedback.lisp
Symlinking /home/michel/Desktop/suturo/motion/simulation/hsr_ws/devel/share/common-lisp/ros/giskard_msgs/msg/ControllerListAction.lisp
Symlinking /home/michel/Desktop/suturo/motion/simulation/hsr_ws/devel/share/common-lisp/ros/giskard_msgs/msg/_package_MoveActionResult.lisp
Symlinking /home/michel/Desktop/suturo/motion/simulation/hsr_ws/devel/share/common-lisp/ros/giskard_msgs/msg/_package_ArmCommand.lisp
Symlinking /home/michel/Desktop/suturo/motion/simulation/hsr_ws/devel/share/common-lisp/ros/giskard_msgs/msg/ArmCommand.lisp
Symlinking /home/michel/Desktop/suturo/motion/simulation/hsr_ws/devel/share/common-lisp/ros/giskard_msgs/msg/ControllerListFeedback.lisp
Symlinking /home/michel/Desktop/suturo/motion/simulation/hsr_ws/devel/share/common-lisp/ros/giskard_msgs/msg/_package_TaskObject.lisp
Symlinking /home/michel/Desktop/suturo/motion/simulation/hsr_ws/devel/share/common-lisp/ros/giskard_msgs/msg/_package_SemanticBool.lisp
Symlinking /home/michel/Desktop/suturo/motion/simulation/hsr_ws/devel/share/common-lisp/ros/giskard_msgs/msg/MotionPhase.lisp
Symlinking /home/michel/Desktop/suturo/motion/simulation/hsr_ws/devel/share/common-lisp/ros/giskard_msgs/msg/_package_Constraint.lisp
Symlinking /home/michel/Desktop/suturo/motion/simulation/hsr_ws/devel/share/common-lisp/ros/giskard_msgs/msg/_package_WholeBodyState.lisp
Symlinking /home/michel/Desktop/suturo/motion/simulation/hsr_ws/devel/share/common-lisp/ros/giskard_msgs/msg/SemanticFloat64Array.lisp
Symlinking /home/michel/Desktop/suturo/motion/simulation/hsr_ws/devel/share/common-lisp/ros/giskard_msgs/msg/MoveActionFeedback.lisp
Symlinking /home/michel/Desktop/suturo/motion/simulation/hsr_ws/devel/share/common-lisp/ros/giskard_msgs/msg/WholeBodyActionFeedback.lisp
Symlinking /home/michel/Desktop/suturo/motion/simulation/hsr_ws/devel/share/common-lisp/ros/giskard_msgs/msg/_package_MoveFeedback.lisp
Symlinking /home/michel/Desktop/suturo/motion/simulation/hsr_ws/devel/share/common-lisp/ros/giskard_msgs/msg/WholeBodyCommand.lisp
Symlinking /home/michel/Desktop/suturo/motion/simulation/hsr_ws/devel/share/common-lisp/ros/giskard_msgs/msg/WholeBodyAction.lisp
Symlinking /home/michel/Desktop/suturo/motion/simulation/hsr_ws/devel/share/common-lisp/ros/giskard_msgs/msg/Controller.lisp
Symlinking /home/michel/Desktop/suturo/motion/simulation/hsr_ws/devel/share/common-lisp/ros/giskard_msgs/msg/_package_WholeBodyResult.lisp
Symlinking /home/michel/Desktop/suturo/motion/simulation/hsr_ws/devel/share/common-lisp/ros/giskard_msgs/msg/ControllerListGoal.lisp
Symlinking /home/michel/Desktop/suturo/motion/simulation/hsr_ws/devel/share/common-lisp/ros/giskard_msgs/msg/_package_WholeBodyFeedback.lisp
Symlinking /home/michel/Desktop/suturo/motion/simulation/hsr_ws/devel/share/common-lisp/ros/giskard_msgs/msg/_package_Finished.lisp
Symlinking /home/michel/Desktop/suturo/motion/simulation/hsr_ws/devel/share/common-lisp/ros/giskard_msgs/msg/_package_ControllerListActionResult.lisp
Symlinking /home/michel/Desktop/suturo/motion/simulation/hsr_ws/devel/share/common-lisp/ros/giskard_msgs/msg/_package_MoveAction.lisp
Symlinking /home/michel/Desktop/suturo/motion/simulation/hsr_ws/devel/share/common-lisp/ros/giskard_msgs/msg/_package_WholeBodyActionGoal.lisp
Symlinking /home/michel/Desktop/suturo/motion/simulation/hsr_ws/devel/share/common-lisp/ros/giskard_msgs/msg/_package_WorldBody.lisp
Symlinking /home/michel/Desktop/suturo/motion/simulation/hsr_ws/devel/share/common-lisp/ros/giskard_msgs/msg/WholeBodyResult.lisp
Symlinking /home/michel/Desktop/suturo/motion/simulation/hsr_ws/devel/share/common-lisp/ros/giskard_msgs/msg/Constraint.lisp
Symlinking /home/michel/Desktop/suturo/motion/simulation/hsr_ws/devel/share/common-lisp/ros/giskard_msgs/msg/_package_MoveResult.lisp
Symlinking /home/michel/Desktop/suturo/motion/simulation/hsr_ws/devel/share/roseus/ros/giskard_msgs/manifest.l
Symlinking /home/michel/Desktop/suturo/motion/simulation/hsr_ws/devel/share/roseus/ros/giskard_msgs/srv/UpdateWorld.l
Symlinking /home/michel/Desktop/suturo/motion/simulation/hsr_ws/devel/share/roseus/ros/giskard_msgs/srv/SetEnable.l
Symlinking /home/michel/Desktop/suturo/motion/simulation/hsr_ws/devel/share/roseus/ros/giskard_msgs/srv/QueryMotion.l
Symlinking /home/michel/Desktop/suturo/motion/simulation/hsr_ws/devel/share/roseus/ros/giskard_msgs/msg/ControllerFeedback.l
Symlinking /home/michel/Desktop/suturo/motion/simulation/hsr_ws/devel/share/roseus/ros/giskard_msgs/msg/WorldBody.l
Symlinking /home/michel/Desktop/suturo/motion/simulation/hsr_ws/devel/share/roseus/ros/giskard_msgs/msg/ControllerListActionGoal.l
Symlinking /home/michel/Desktop/suturo/motion/simulation/hsr_ws/devel/share/roseus/ros/giskard_msgs/msg/SemanticBool.l
Symlinking /home/michel/Desktop/suturo/motion/simulation/hsr_ws/devel/share/roseus/ros/giskard_msgs/msg/WholeBodyActionFeedback.l
Symlinking /home/michel/Desktop/suturo/motion/simulation/hsr_ws/devel/share/roseus/ros/giskard_msgs/msg/MotionPhase.l
Symlinking /home/michel/Desktop/suturo/motion/simulation/hsr_ws/devel/share/roseus/ros/giskard_msgs/msg/WholeBodyState.l
Symlinking /home/michel/Desktop/suturo/motion/simulation/hsr_ws/devel/share/roseus/ros/giskard_msgs/msg/ControllerListFeedback.l
Symlinking /home/michel/Desktop/suturo/motion/simulation/hsr_ws/devel/share/roseus/ros/giskard_msgs/msg/Controller.l
Symlinking /home/michel/Desktop/suturo/motion/simulation/hsr_ws/devel/share/roseus/ros/giskard_msgs/msg/ArmCommand.l
Symlinking /home/michel/Desktop/suturo/motion/simulation/hsr_ws/devel/share/roseus/ros/giskard_msgs/msg/ControllerListAction.l
Symlinking /home/michel/Desktop/suturo/motion/simulation/hsr_ws/devel/share/roseus/ros/giskard_msgs/msg/MoveCmd.l
Symlinking /home/michel/Desktop/suturo/motion/simulation/hsr_ws/devel/share/roseus/ros/giskard_msgs/msg/ControllerListResult.l
Symlinking /home/michel/Desktop/suturo/motion/simulation/hsr_ws/devel/share/roseus/ros/giskard_msgs/msg/WholeBodyGoal.l
Symlinking /home/michel/Desktop/suturo/motion/simulation/hsr_ws/devel/share/roseus/ros/giskard_msgs/msg/MoveActionGoal.l
Symlinking /home/michel/Desktop/suturo/motion/simulation/hsr_ws/devel/share/roseus/ros/giskard_msgs/msg/MoveResult.l
Symlinking /home/michel/Desktop/suturo/motion/simulation/hsr_ws/devel/share/roseus/ros/giskard_msgs/msg/MoveActionFeedback.l
Symlinking /home/michel/Desktop/suturo/motion/simulation/hsr_ws/devel/share/roseus/ros/giskard_msgs/msg/Dummy.l
Symlinking /home/michel/Desktop/suturo/motion/simulation/hsr_ws/devel/share/roseus/ros/giskard_msgs/msg/WholeBodyFeedback.l
Symlinking /home/michel/Desktop/suturo/motion/simulation/hsr_ws/devel/share/roseus/ros/giskard_msgs/msg/ControllerListActionFeedback.l
Symlinking /home/michel/Desktop/suturo/motion/simulation/hsr_ws/devel/share/roseus/ros/giskard_msgs/msg/MoveAction.l
Symlinking /home/michel/Desktop/suturo/motion/simulation/hsr_ws/devel/share/roseus/ros/giskard_msgs/msg/MoveFeedback.l
Symlinking /home/michel/Desktop/suturo/motion/simulation/hsr_ws/devel/share/roseus/ros/giskard_msgs/msg/WholeBodyActionResult.l
Symlinking /home/michel/Desktop/suturo/motion/simulation/hsr_ws/devel/share/roseus/ros/giskard_msgs/msg/SemanticVector3.l
Symlinking /home/michel/Desktop/suturo/motion/simulation/hsr_ws/devel/share/roseus/ros/giskard_msgs/msg/MoveActionResult.l
Symlinking /home/michel/Desktop/suturo/motion/simulation/hsr_ws/devel/share/roseus/ros/giskard_msgs/msg/TaskObject.l
Symlinking /home/michel/Desktop/suturo/motion/simulation/hsr_ws/devel/share/roseus/ros/giskard_msgs/msg/SemanticFloat64.l
Symlinking /home/michel/Desktop/suturo/motion/simulation/hsr_ws/devel/share/roseus/ros/giskard_msgs/msg/Finished.l
Symlinking /home/michel/Desktop/suturo/motion/simulation/hsr_ws/devel/share/roseus/ros/giskard_msgs/msg/CollisionEntry.l
Symlinking /home/michel/Desktop/suturo/motion/simulation/hsr_ws/devel/share/roseus/ros/giskard_msgs/msg/ControllerListGoal.l
Symlinking /home/michel/Desktop/suturo/motion/simulation/hsr_ws/devel/share/roseus/ros/giskard_msgs/msg/Task.l
Symlinking /home/michel/Desktop/suturo/motion/simulation/hsr_ws/devel/share/roseus/ros/giskard_msgs/msg/MoveGoal.l
Symlinking /home/michel/Desktop/suturo/motion/simulation/hsr_ws/devel/share/roseus/ros/giskard_msgs/msg/WholeBodyResult.l
Symlinking /home/michel/Desktop/suturo/motion/simulation/hsr_ws/devel/share/roseus/ros/giskard_msgs/msg/WholeBodyActionGoal.l
Symlinking /home/michel/Desktop/suturo/motion/simulation/hsr_ws/devel/share/roseus/ros/giskard_msgs/msg/ControllerListActionResult.l
Symlinking /home/michel/Desktop/suturo/motion/simulation/hsr_ws/devel/share/roseus/ros/giskard_msgs/msg/WholeBodyCommand.l
Symlinking /home/michel/Desktop/suturo/motion/simulation/hsr_ws/devel/share/roseus/ros/giskard_msgs/msg/Constraint.l
Symlinking /home/michel/Desktop/suturo/motion/simulation/hsr_ws/devel/share/roseus/ros/giskard_msgs/msg/WholeBodyAction.l
Symlinking /home/michel/Desktop/suturo/motion/simulation/hsr_ws/devel/share/roseus/ros/giskard_msgs/msg/SemanticFloat64Array.l
