[  0%] Built target _giskard_msgs_generate_messages_check_deps_UpdateWorld
[  0%] Built target _giskard_msgs_generate_messages_check_deps_WholeBodyActionFeedback
[  0%] Built target _giskard_msgs_generate_messages_check_deps_WholeBodyState
[  0%] Built target _giskard_msgs_generate_messages_check_deps_CollisionEntry
[  0%] Built target _giskard_msgs_generate_messages_check_deps_MoveActionResult
[  0%] Built target sensor_msgs_generate_messages_nodejs
[  0%] Built target _giskard_msgs_generate_messages_check_deps_WholeBodyGoal
[  0%] Built target std_msgs_generate_messages_nodejs
[  0%] Built target actionlib_msgs_generate_messages_nodejs
[  0%] Built target _giskard_msgs_generate_messages_check_deps_MoveAction
[  0%] Built target _giskard_msgs_generate_messages_check_deps_QueryMotion
[  0%] Built target _giskard_msgs_generate_messages_check_deps_ControllerFeedback
[  0%] Built target _giskard_msgs_generate_messages_check_deps_SemanticVector3
[  0%] Built target _giskard_msgs_generate_messages_check_deps_Finished
[  0%] Built target geometry_msgs_generate_messages_nodejs
[  0%] Built target _giskard_msgs_generate_messages_check_deps_MoveResult
[  0%] Built target shape_msgs_generate_messages_nodejs
[  0%] Built target _giskard_msgs_generate_messages_check_deps_ControllerListGoal
[  0%] Built target _giskard_msgs_generate_messages_check_deps_WholeBodyActionResult
[  0%] Built target _giskard_msgs_generate_messages_check_deps_ControllerListResult
[  0%] Built target _giskard_msgs_generate_messages_check_deps_ControllerListActionGoal
[  0%] Built target _giskard_msgs_generate_messages_check_deps_MoveGoal
[  0%] Built target _giskard_msgs_generate_messages_check_deps_Task
[  0%] Built target _giskard_msgs_generate_messages_check_deps_MoveActionGoal
[  0%] Built target trajectory_msgs_generate_messages_nodejs
[  0%] Built target _giskard_msgs_generate_messages_check_deps_Controller
[  0%] Built target _giskard_msgs_generate_messages_check_deps_WholeBodyResult
[  0%] Built target _giskard_msgs_generate_messages_check_deps_TaskObject
[  0%] Built target _giskard_msgs_generate_messages_check_deps_MotionPhase
[  0%] Built target _giskard_msgs_generate_messages_check_deps_WorldBody
[  0%] Built target _giskard_msgs_generate_messages_check_deps_SemanticBool
[  0%] Built target _giskard_msgs_generate_messages_check_deps_ControllerListActionResult
[  0%] Built target _giskard_msgs_generate_messages_check_deps_SemanticFloat64Array
[  0%] Built target _giskard_msgs_generate_messages_check_deps_ControllerListActionFeedback
[  0%] Built target _giskard_msgs_generate_messages_check_deps_MoveActionFeedback
[  0%] Built target _giskard_msgs_generate_messages_check_deps_MoveFeedback
[  0%] Built target _giskard_msgs_generate_messages_check_deps_ControllerListFeedback
[  0%] Built target _giskard_msgs_generate_messages_check_deps_Constraint
[  0%] Built target _giskard_msgs_generate_messages_check_deps_ControllerListAction
[  0%] Built target _giskard_msgs_generate_messages_check_deps_SetEnable
[  0%] Built target _giskard_msgs_generate_messages_check_deps_WholeBodyAction
[  0%] Built target _giskard_msgs_generate_messages_check_deps_WholeBodyCommand
[  0%] Built target _giskard_msgs_generate_messages_check_deps_Dummy
[  0%] Built target _giskard_msgs_generate_messages_check_deps_WholeBodyFeedback
[  0%] Built target _giskard_msgs_generate_messages_check_deps_MoveCmd
[  0%] Built target _giskard_msgs_generate_messages_check_deps_WholeBodyActionGoal
[  0%] Built target _giskard_msgs_generate_messages_check_deps_SemanticFloat64
[  0%] Built target sensor_msgs_generate_messages_py
[  0%] Built target trajectory_msgs_generate_messages_py
[  0%] Built target _giskard_msgs_generate_messages_check_deps_ArmCommand
[  0%] Built target geometry_msgs_generate_messages_py
[  0%] Built target shape_msgs_generate_messages_py
[  0%] Built target std_msgs_generate_messages_py
[  0%] Built target actionlib_msgs_generate_messages_py
[  0%] Built target shape_msgs_generate_messages_lisp
[  0%] Built target trajectory_msgs_generate_messages_lisp
[  0%] Built target sensor_msgs_generate_messages_lisp
[  0%] Built target std_msgs_generate_messages_lisp
[  0%] Built target actionlib_msgs_generate_messages_lisp
[  0%] Built target geometry_msgs_generate_messages_lisp
[  0%] Built target shape_msgs_generate_messages_eus
[  0%] Built target actionlib_msgs_generate_messages_eus
[  0%] Built target sensor_msgs_generate_messages_eus
[  0%] Built target std_msgs_generate_messages_eus
[  0%] Built target geometry_msgs_generate_messages_eus
[  0%] Built target std_msgs_generate_messages_cpp
[  0%] Built target trajectory_msgs_generate_messages_eus
[  0%] Built target trajectory_msgs_generate_messages_cpp
[  0%] Built target sensor_msgs_generate_messages_cpp
[  0%] Built target actionlib_msgs_generate_messages_cpp
[  0%] Built target shape_msgs_generate_messages_cpp
[  0%] Built target geometry_msgs_generate_messages_cpp
[ 21%] Built target giskard_msgs_generate_messages_py
[ 41%] Built target giskard_msgs_generate_messages_lisp
[ 61%] Built target giskard_msgs_generate_messages_nodejs
[ 81%] Built target giskard_msgs_generate_messages_eus
[100%] Built target giskard_msgs_generate_messages_cpp
[100%] Built target giskard_msgs_generate_messages
